Using pre-set license
Built from '2022.3/staging' branch; Version is '2022.3.56f1 (dd0c98481d00) revision 14486680'; Using compiler version '192829333'; Build Type 'Release'
OS: 'Windows 11  (10.0.26100) 64bit Professional' Language: 'tr' Physical Memory: 14029 MB
BatchMode: 1, IsHumanControllingUs: 0, StartBugReporterOnCrash: 0, Is64bit: 1, IsPro: 1

COMMAND LINE ARGUMENTS:
C:\Program Files\Unity\Hub\Editor\2022.3.56f1\Editor\Unity.exe
-adb2
-batchMode
-noUpm
-name
AssetImportWorker0
-projectPath
C:/Users/Selim/FlappyBird
-logFile
Logs/AssetImportWorker0.log
-srvPort
56374
Successfully changed project path to: C:/Users/Selim/FlappyBird
C:/Users/Selim/FlappyBird
[UnityMemory] Configuration Parameters - Can be set up in boot.config
    "memorysetup-bucket-allocator-granularity=16"
    "memorysetup-bucket-allocator-bucket-count=8"
    "memorysetup-bucket-allocator-block-size=33554432"
    "memorysetup-bucket-allocator-block-count=8"
    "memorysetup-main-allocator-block-size=16777216"
    "memorysetup-thread-allocator-block-size=16777216"
    "memorysetup-gfx-main-allocator-block-size=16777216"
    "memorysetup-gfx-thread-allocator-block-size=16777216"
    "memorysetup-cache-allocator-block-size=4194304"
    "memorysetup-typetree-allocator-block-size=2097152"
    "memorysetup-profiler-bucket-allocator-granularity=16"
    "memorysetup-profiler-bucket-allocator-bucket-count=8"
    "memorysetup-profiler-bucket-allocator-block-size=33554432"
    "memorysetup-profiler-bucket-allocator-block-count=8"
    "memorysetup-profiler-allocator-block-size=16777216"
    "memorysetup-profiler-editor-allocator-block-size=1048576"
    "memorysetup-temp-allocator-size-main=16777216"
    "memorysetup-job-temp-allocator-block-size=2097152"
    "memorysetup-job-temp-allocator-block-size-background=1048576"
    "memorysetup-job-temp-allocator-reduction-small-platforms=262144"
    "memorysetup-allocator-temp-initial-block-size-main=262144"
    "memorysetup-allocator-temp-initial-block-size-worker=262144"
    "memorysetup-temp-allocator-size-background-worker=32768"
    "memorysetup-temp-allocator-size-job-worker=262144"
    "memorysetup-temp-allocator-size-preload-manager=33554432"
    "memorysetup-temp-allocator-size-nav-mesh-worker=65536"
    "memorysetup-temp-allocator-size-audio-worker=65536"
    "memorysetup-temp-allocator-size-cloud-worker=32768"
    "memorysetup-temp-allocator-size-gi-baking-worker=262144"
    "memorysetup-temp-allocator-size-gfx=262144"
Player connection [33508]  Target information:

Player connection [33508]  * "[IP] 192.168.1.75 [Port] 0 [Flags] 2 [Guid] 1897532369 [EditorId] 1897532369 [Version] 1048832 [Id] WindowsEditor(7,DESKTOP-183KJSS) [Debug] 1 [PackageName] WindowsEditor [ProjectName] Editor" 

Player connection [33508] Host joined multi-casting on [225.0.0.222:54997]...
Player connection [33508] Host joined alternative multi-casting on [225.0.0.222:34997]...
Input System module state changed to: Initialized.
[PhysX] Initialized MultithreadedTaskDispatcher with 16 workers.
Refreshing native plugins compatible for Editor in 12.38 ms, found 4 plugins.
Preloading 0 native plugins for Editor in 0.00 ms.
Initialize engine version: 2022.3.56f1 (dd0c98481d00)
[Subsystems] Discovering subsystems at path C:/Program Files/Unity/Hub/Editor/2022.3.56f1/Editor/Data/Resources/UnitySubsystems
[Subsystems] Discovering subsystems at path C:/Users/Selim/FlappyBird/Assets
GfxDevice: creating device client; threaded=0; jobified=0
Direct3D:
    Version:  Direct3D 11.0 [level 11.1]
    Renderer: NVIDIA GeForce RTX 4050 Laptop GPU (ID=0x28a1)
    Vendor:   NVIDIA
    VRAM:     5921 MB
    Driver:   32.0.15.7602
Initialize mono
Mono path[0] = 'C:/Program Files/Unity/Hub/Editor/2022.3.56f1/Editor/Data/Managed'
Mono path[1] = 'C:/Program Files/Unity/Hub/Editor/2022.3.56f1/Editor/Data/MonoBleedingEdge/lib/mono/unityjit-win32'
Mono config path = 'C:/Program Files/Unity/Hub/Editor/2022.3.56f1/Editor/Data/MonoBleedingEdge/etc'
Using monoOptions --debugger-agent=transport=dt_socket,embedding=1,server=y,suspend=n,address=127.0.0.1:56588
Begin MonoManager ReloadAssembly
Registering precompiled unity dll's ...
Register platform support module: C:/Program Files/Unity/Hub/Editor/2022.3.56f1/Editor/Data/PlaybackEngines/WebGLSupport/UnityEditor.WebGL.Extensions.dll
Register platform support module: C:/Program Files/Unity/Hub/Editor/2022.3.56f1/Editor/Data/PlaybackEngines/WindowsStandaloneSupport/UnityEditor.WindowsStandalone.Extensions.dll
Registered in 0.004389 seconds.
- Loaded All Assemblies, in  0.257 seconds
Native extension for WindowsStandalone target not found
Native extension for WebGL target not found
Mono: successfully reloaded assembly
- Finished resetting the current domain, in  0.194 seconds
Domain Reload Profiling: 450ms
	BeginReloadAssembly (81ms)
		ExecutionOrderSort (0ms)
		DisableScriptedObjects (0ms)
		BackupInstance (0ms)
		ReleaseScriptingObjects (0ms)
		CreateAndSetChildDomain (1ms)
	RebuildCommonClasses (24ms)
	RebuildNativeTypeToScriptingClass (7ms)
	initialDomainReloadingComplete (41ms)
	LoadAllAssembliesAndSetupDomain (104ms)
		LoadAssemblies (80ms)
		RebuildTransferFunctionScriptingTraits (0ms)
		AnalyzeDomain (102ms)
			TypeCache.Refresh (101ms)
				TypeCache.ScanAssembly (92ms)
			ScanForSourceGeneratedMonoScriptInfo (0ms)
			ResolveRequiredComponents (0ms)
	FinalizeReload (194ms)
		ReleaseScriptCaches (0ms)
		RebuildScriptCaches (0ms)
		SetupLoadedEditorAssemblies (159ms)
			LogAssemblyErrors (0ms)
			InitializePlatformSupportModulesInManaged (7ms)
			SetLoadedEditorAssemblies (5ms)
			RefreshPlugins (0ms)
			BeforeProcessingInitializeOnLoad (2ms)
			ProcessInitializeOnLoadAttributes (112ms)
			ProcessInitializeOnLoadMethodAttributes (33ms)
			AfterProcessingInitializeOnLoad (0ms)
			EditorAssembliesLoaded (0ms)
		ExecutionOrderSort2 (0ms)
		AwakeInstancesAfterBackupRestoration (0ms)
========================================================================
Worker process is ready to serve import requests
Caller must complete domain reload
Begin MonoManager ReloadAssembly
- Loaded All Assemblies, in  0.485 seconds
Native extension for WindowsStandalone target not found
Native extension for WebGL target not found
Mono: successfully reloaded assembly
- Finished resetting the current domain, in  0.503 seconds
Domain Reload Profiling: 987ms
	BeginReloadAssembly (117ms)
		ExecutionOrderSort (0ms)
		DisableScriptedObjects (4ms)
		BackupInstance (0ms)
		ReleaseScriptingObjects (0ms)
		CreateAndSetChildDomain (19ms)
	RebuildCommonClasses (22ms)
	RebuildNativeTypeToScriptingClass (7ms)
	initialDomainReloadingComplete (29ms)
	LoadAllAssembliesAndSetupDomain (308ms)
		LoadAssemblies (249ms)
		RebuildTransferFunctionScriptingTraits (0ms)
		AnalyzeDomain (126ms)
			TypeCache.Refresh (103ms)
				TypeCache.ScanAssembly (91ms)
			ScanForSourceGeneratedMonoScriptInfo (17ms)
			ResolveRequiredComponents (5ms)
	FinalizeReload (503ms)
		ReleaseScriptCaches (0ms)
		RebuildScriptCaches (0ms)
		SetupLoadedEditorAssemblies (388ms)
			LogAssemblyErrors (0ms)
			InitializePlatformSupportModulesInManaged (5ms)
			SetLoadedEditorAssemblies (3ms)
			RefreshPlugins (0ms)
			BeforeProcessingInitializeOnLoad (51ms)
			ProcessInitializeOnLoadAttributes (300ms)
			ProcessInitializeOnLoadMethodAttributes (26ms)
			AfterProcessingInitializeOnLoad (3ms)
			EditorAssembliesLoaded (0ms)
		ExecutionOrderSort2 (0ms)
		AwakeInstancesAfterBackupRestoration (5ms)
Launched and connected shader compiler UnityShaderCompiler.exe after 0.06 seconds
Refreshing native plugins compatible for Editor in 5.29 ms, found 4 plugins.
Preloading 0 native plugins for Editor in 0.00 ms.
Unloading 4170 Unused Serialized files (Serialized files now loaded: 0)
Unloading 45 unused Assets / (140.2 KB). Loaded Objects now: 4639.
Memory consumption went from 147.1 MB to 146.9 MB.
Total: 4.305900 ms (FindLiveObjects: 0.259600 ms CreateObjectMapping: 0.145200 ms MarkObjects: 3.693600 ms  DeleteObjects: 0.205700 ms)

AssetImportParameters requested are different than current active one (requested -> active):
  custom:container-demuxer-ogg: 62fdf1f143b41e24485cea50d1cbac27 -> 
  custom:video-codec-MediaFoundation-h265: 746d11721c4dcdbdad8f713fa42b33f4 -> 
  custom:video-decoder-ogg-theora: a1e56fd34408186e4bbccfd4996cb3dc -> 
  custom:framework-win-MediaFoundation: 216162199b28c13a410421893ffa2e32 -> 
  custom:CustomObjectIndexerAttribute: 9a22284fe3817be447336de3de66b15e -> 
  custom:container-demuxer-webm: 4f35f7cbe854078d1ac9338744f61a02 -> 
  custom:container-muxer-webm: aa71ff27fc2769a1b78a27578f13a17b -> 
  custom:video-decoder-webm-vp8: 9c59270c3fd7afecdb556c50c9e8de78 -> 
  custom:SearchIndexIgnoredProperties: e643bd26f0fe6173181afceb89e7c659 -> 
  custom:AudioImporter_EditorPlatform: d09bf68614088b80899f8185d706f6e7 -> 
  custom:video-encoder-webm-vp8: eb34c28f22e8b96e1ab97ce403110664 -> 
  custom:audio-decoder-ogg-vorbis: bf7c407c2cedff20999df2af8eb42d56 -> 
  custom:audio-encoder-webm-vorbis: bf7c407c2cedff20999df2af8eb42d56 -> 
========================================================================
Received Import Request.
  Time since last request: 476301.760247 seconds.
  path: Assets/Layer Lab/GUI-CasualFantasy/Preview/01_Lobby_Menu.png
  artifactKey: Guid(f3e77626e76784da08f8d3b78bc5b9f1) Importer(815301076,1909f56bfc062723c751e8b465ee728b)
Start importing Assets/Layer Lab/GUI-CasualFantasy/Preview/01_Lobby_Menu.png using Guid(f3e77626e76784da08f8d3b78bc5b9f1) Importer(815301076,1909f56bfc062723c751e8b465ee728b) [PhysX] Initialized MultithreadedTaskDispatcher with 16 workers.
[PhysX] Initialized MultithreadedTaskDispatcher with 16 workers.
 -> (artifact id: '7ed21d50e0568c7f731d5d18fbc3189e') in 0.087873 seconds
Number of updated asset objects reloaded before import = 0
Number of asset objects unloaded after import = 3
========================================================================
Received Import Request.
  Time since last request: 0.000030 seconds.
  path: Assets/Others/flappy-bird-assets/sprites/4.png
  artifactKey: Guid(d97841985741866488c7d1e3f36ad02c) Importer(815301076,1909f56bfc062723c751e8b465ee728b)
Start importing Assets/Others/flappy-bird-assets/sprites/4.png using Guid(d97841985741866488c7d1e3f36ad02c) Importer(815301076,1909f56bfc062723c751e8b465ee728b) [PhysX] Initialized MultithreadedTaskDispatcher with 16 workers.
[PhysX] Initialized MultithreadedTaskDispatcher with 16 workers.
 -> (artifact id: 'f61cd910b31922a469d93b895d3124b8') in 0.013216 seconds
Number of updated asset objects reloaded before import = 0
Number of asset objects unloaded after import = 3
========================================================================
Received Import Request.
  Time since last request: 0.000015 seconds.
  path: Assets/Layer Lab/GUI-CasualFantasy/Preview/00_Popup_Rate.png
  artifactKey: Guid(69ea36f0545e6457fa7427004cc2e916) Importer(815301076,1909f56bfc062723c751e8b465ee728b)
Start importing Assets/Layer Lab/GUI-CasualFantasy/Preview/00_Popup_Rate.png using Guid(69ea36f0545e6457fa7427004cc2e916) Importer(815301076,1909f56bfc062723c751e8b465ee728b) [PhysX] Initialized MultithreadedTaskDispatcher with 16 workers.
[PhysX] Initialized MultithreadedTaskDispatcher with 16 workers.
 -> (artifact id: 'ded9940b7adfce1f2bb51fee7714c477') in 0.012374 seconds
Number of updated asset objects reloaded before import = 0
Number of asset objects unloaded after import = 3
========================================================================
Received Import Request.
  Time since last request: 0.000015 seconds.
  path: Assets/Others/flappy-bird-assets/sprites/0.png
  artifactKey: Guid(f9fbe755c3186fd4697bd02d8b66342b) Importer(815301076,1909f56bfc062723c751e8b465ee728b)
Start importing Assets/Others/flappy-bird-assets/sprites/0.png using Guid(f9fbe755c3186fd4697bd02d8b66342b) Importer(815301076,1909f56bfc062723c751e8b465ee728b) [PhysX] Initialized MultithreadedTaskDispatcher with 16 workers.
[PhysX] Initialized MultithreadedTaskDispatcher with 16 workers.
 -> (artifact id: '312efa5d91a99fb9e79a9866a9731261') in 0.011383 seconds
Number of updated asset objects reloaded before import = 0
Number of asset objects unloaded after import = 3
========================================================================
Received Import Request.
  Time since last request: 0.000038 seconds.
  path: Assets/Others/flappy-bird-assets/sprites/2.png
  artifactKey: Guid(475686adab00f7f4786edc7761fadf9d) Importer(815301076,1909f56bfc062723c751e8b465ee728b)
Start importing Assets/Others/flappy-bird-assets/sprites/2.png using Guid(475686adab00f7f4786edc7761fadf9d) Importer(815301076,1909f56bfc062723c751e8b465ee728b) [PhysX] Initialized MultithreadedTaskDispatcher with 16 workers.
[PhysX] Initialized MultithreadedTaskDispatcher with 16 workers.
 -> (artifact id: 'd0c2d85c13503857b08fb48f430e8e93') in 0.011904 seconds
Number of updated asset objects reloaded before import = 0
Number of asset objects unloaded after import = 3
========================================================================
Received Import Request.
  Time since last request: 0.000036 seconds.
  path: Assets/Layer Lab/GUI-CasualFantasy/Preview/01_LobbyMain.png
  artifactKey: Guid(948b2bd869c5e4e808606fc41275a6fa) Importer(815301076,1909f56bfc062723c751e8b465ee728b)
Start importing Assets/Layer Lab/GUI-CasualFantasy/Preview/01_LobbyMain.png using Guid(948b2bd869c5e4e808606fc41275a6fa) Importer(815301076,1909f56bfc062723c751e8b465ee728b) [PhysX] Initialized MultithreadedTaskDispatcher with 16 workers.
[PhysX] Initialized MultithreadedTaskDispatcher with 16 workers.
 -> (artifact id: 'a2dee6bf7c79857da94c34199e3a4b2f') in 0.014216 seconds
Number of updated asset objects reloaded before import = 0
Number of asset objects unloaded after import = 3
========================================================================
Received Import Request.
  Time since last request: 0.000017 seconds.
  path: Assets/Layer Lab/GUI-CasualFantasy/Preview/04_Equipment.png
  artifactKey: Guid(3221d0b6272b9416aa1a128e17aa1b54) Importer(815301076,1909f56bfc062723c751e8b465ee728b)
Start importing Assets/Layer Lab/GUI-CasualFantasy/Preview/04_Equipment.png using Guid(3221d0b6272b9416aa1a128e17aa1b54) Importer(815301076,1909f56bfc062723c751e8b465ee728b) [PhysX] Initialized MultithreadedTaskDispatcher with 16 workers.
[PhysX] Initialized MultithreadedTaskDispatcher with 16 workers.
 -> (artifact id: '4a24855ccf2b48276fb828cc415cd44c') in 0.013931 seconds
Number of updated asset objects reloaded before import = 0
Number of asset objects unloaded after import = 3
========================================================================
Received Import Request.
  Time since last request: 8.344130 seconds.
  path: Assets/Layer Lab/GUI-CasualFantasy/Preview/05_Character_Blue.png
  artifactKey: Guid(941e0f24a5c744e7a8327a64991cc478) Importer(815301076,1909f56bfc062723c751e8b465ee728b)
Start importing Assets/Layer Lab/GUI-CasualFantasy/Preview/05_Character_Blue.png using Guid(941e0f24a5c744e7a8327a64991cc478) Importer(815301076,1909f56bfc062723c751e8b465ee728b) [PhysX] Initialized MultithreadedTaskDispatcher with 16 workers.
[PhysX] Initialized MultithreadedTaskDispatcher with 16 workers.
 -> (artifact id: '6e1c10636e0869bc0deb22ff9d0de87e') in 0.019250 seconds
Number of updated asset objects reloaded before import = 0
Number of asset objects unloaded after import = 3
========================================================================
Received Import Request.
  Time since last request: 0.000041 seconds.
  path: Assets/Others/flappy-bird-assets/sprites/8.png
  artifactKey: Guid(bbf1af508901bfc4eb383804ca4d20c7) Importer(815301076,1909f56bfc062723c751e8b465ee728b)
Start importing Assets/Others/flappy-bird-assets/sprites/8.png using Guid(bbf1af508901bfc4eb383804ca4d20c7) Importer(815301076,1909f56bfc062723c751e8b465ee728b) [PhysX] Initialized MultithreadedTaskDispatcher with 16 workers.
[PhysX] Initialized MultithreadedTaskDispatcher with 16 workers.
 -> (artifact id: '0a09c4237de82283ef7ed194d91c9557') in 0.022337 seconds
Number of updated asset objects reloaded before import = 0
Number of asset objects unloaded after import = 3
========================================================================
Received Import Request.
  Time since last request: 0.000028 seconds.
  path: Assets/Layer Lab/GUI-CasualFantasy/Preview/07_Reward.png
  artifactKey: Guid(616e9e7bbdc5a4c868d520d6a8f0a584) Importer(815301076,1909f56bfc062723c751e8b465ee728b)
Start importing Assets/Layer Lab/GUI-CasualFantasy/Preview/07_Reward.png using Guid(616e9e7bbdc5a4c868d520d6a8f0a584) Importer(815301076,1909f56bfc062723c751e8b465ee728b) [PhysX] Initialized MultithreadedTaskDispatcher with 16 workers.
[PhysX] Initialized MultithreadedTaskDispatcher with 16 workers.
 -> (artifact id: '8127ae9d9f4099929f7c9cab4f98a67d') in 0.017867 seconds
Number of updated asset objects reloaded before import = 0
Number of asset objects unloaded after import = 3
========================================================================
Received Import Request.
  Time since last request: 0.000118 seconds.
  path: Assets/Layer Lab/GUI-CasualFantasy/ResourcesData/Sprites/Components/Frame/_BasicFrame_SquareOutline02_Demo01 1.png
  artifactKey: Guid(e498c622e234a419a83e872a7f8f4fbe) Importer(815301076,1909f56bfc062723c751e8b465ee728b)
Start importing Assets/Layer Lab/GUI-CasualFantasy/ResourcesData/Sprites/Components/Frame/_BasicFrame_SquareOutline02_Demo01 1.png using Guid(e498c622e234a419a83e872a7f8f4fbe) Importer(815301076,1909f56bfc062723c751e8b465ee728b) [PhysX] Initialized MultithreadedTaskDispatcher with 16 workers.
[PhysX] Initialized MultithreadedTaskDispatcher with 16 workers.
 -> (artifact id: '1b99b0061e53f95176e56518bdf0543e') in 0.016658 seconds
Number of updated asset objects reloaded before import = 0
Number of asset objects unloaded after import = 3
========================================================================
Received Import Request.
  Time since last request: 0.011762 seconds.
  path: Assets/Layer Lab/GUI-CasualFantasy/ResourcesData/Sprites/Components/Frame/BasicFrame_CircleOutline02_White1.png
  artifactKey: Guid(d60cb6394a5c44d858b455ce9bc47d30) Importer(815301076,1909f56bfc062723c751e8b465ee728b)
Start importing Assets/Layer Lab/GUI-CasualFantasy/ResourcesData/Sprites/Components/Frame/BasicFrame_CircleOutline02_White1.png using Guid(d60cb6394a5c44d858b455ce9bc47d30) Importer(815301076,1909f56bfc062723c751e8b465ee728b) [PhysX] Initialized MultithreadedTaskDispatcher with 16 workers.
[PhysX] Initialized MultithreadedTaskDispatcher with 16 workers.
 -> (artifact id: 'ee972d05d058d36607633acd7e763bf1') in 0.014155 seconds
Number of updated asset objects reloaded before import = 0
Number of asset objects unloaded after import = 3
========================================================================
Received Import Request.
  Time since last request: 0.000075 seconds.
  path: Assets/Layer Lab/GUI-CasualFantasy/ResourcesData/Sprites/Components/Frame/BasicFrame_Octagon01_White2.Png
  artifactKey: Guid(38c4110a9626f4159afaf5cced460f08) Importer(815301076,1909f56bfc062723c751e8b465ee728b)
Start importing Assets/Layer Lab/GUI-CasualFantasy/ResourcesData/Sprites/Components/Frame/BasicFrame_Octagon01_White2.Png using Guid(38c4110a9626f4159afaf5cced460f08) Importer(815301076,1909f56bfc062723c751e8b465ee728b) [PhysX] Initialized MultithreadedTaskDispatcher with 16 workers.
[PhysX] Initialized MultithreadedTaskDispatcher with 16 workers.
 -> (artifact id: '0ab9568ed6182bebaffaedf700c8849a') in 0.015211 seconds
Number of updated asset objects reloaded before import = 0
Number of asset objects unloaded after import = 3
========================================================================
Received Import Request.
  Time since last request: 0.000020 seconds.
  path: Assets/Layer Lab/GUI-CasualFantasy/ResourcesData/Sprites/Components/Frame/BasicFrame_Octagon02_Demo_d.png
  artifactKey: Guid(26e3ef8ce3a714165b80ebae36daf033) Importer(815301076,1909f56bfc062723c751e8b465ee728b)
Start importing Assets/Layer Lab/GUI-CasualFantasy/ResourcesData/Sprites/Components/Frame/BasicFrame_Octagon02_Demo_d.png using Guid(26e3ef8ce3a714165b80ebae36daf033) Importer(815301076,1909f56bfc062723c751e8b465ee728b) [PhysX] Initialized MultithreadedTaskDispatcher with 16 workers.
[PhysX] Initialized MultithreadedTaskDispatcher with 16 workers.
 -> (artifact id: '1526aaf418057e3d04ce75d00630bf78') in 0.012587 seconds
Number of updated asset objects reloaded before import = 0
Number of asset objects unloaded after import = 3
========================================================================
Received Import Request.
  Time since last request: 0.000054 seconds.
  path: Assets/Layer Lab/GUI-CasualFantasy/ResourcesData/Sprites/Components/Button/Button_Square04_White.Png
  artifactKey: Guid(4694e519f7b9c4a11a53e3b2441cc663) Importer(815301076,1909f56bfc062723c751e8b465ee728b)
Start importing Assets/Layer Lab/GUI-CasualFantasy/ResourcesData/Sprites/Components/Button/Button_Square04_White.Png using Guid(4694e519f7b9c4a11a53e3b2441cc663) Importer(815301076,1909f56bfc062723c751e8b465ee728b) [PhysX] Initialized MultithreadedTaskDispatcher with 16 workers.
[PhysX] Initialized MultithreadedTaskDispatcher with 16 workers.
 -> (artifact id: 'a398751649fdc60410ba6f884d6eed3b') in 0.014819 seconds
Number of updated asset objects reloaded before import = 0
Number of asset objects unloaded after import = 3
========================================================================
Received Import Request.
  Time since last request: 0.000035 seconds.
  path: Assets/Layer Lab/GUI-CasualFantasy/ResourcesData/Sprites/Components/Button/Button_Square05_White2.png
  artifactKey: Guid(aa97658a18b4143b7bea522cd774e5d1) Importer(815301076,1909f56bfc062723c751e8b465ee728b)
Start importing Assets/Layer Lab/GUI-CasualFantasy/ResourcesData/Sprites/Components/Button/Button_Square05_White2.png using Guid(aa97658a18b4143b7bea522cd774e5d1) Importer(815301076,1909f56bfc062723c751e8b465ee728b) [PhysX] Initialized MultithreadedTaskDispatcher with 16 workers.
[PhysX] Initialized MultithreadedTaskDispatcher with 16 workers.
 -> (artifact id: 'd692453800c94dcd96b60996d42855c5') in 0.016101 seconds
Number of updated asset objects reloaded before import = 0
Number of asset objects unloaded after import = 3
========================================================================
Received Import Request.
  Time since last request: 0.000066 seconds.
  path: Assets/Layer Lab/GUI-CasualFantasy/ResourcesData/Sprites/Components/IconMisc/Icon_Arrow_Down01.png
  artifactKey: Guid(3976e3403b26347f7b1ce454ba424979) Importer(815301076,1909f56bfc062723c751e8b465ee728b)
Start importing Assets/Layer Lab/GUI-CasualFantasy/ResourcesData/Sprites/Components/IconMisc/Icon_Arrow_Down01.png using Guid(3976e3403b26347f7b1ce454ba424979) Importer(815301076,1909f56bfc062723c751e8b465ee728b) [PhysX] Initialized MultithreadedTaskDispatcher with 16 workers.
[PhysX] Initialized MultithreadedTaskDispatcher with 16 workers.
 -> (artifact id: 'd60ce833d508af6b2e29330aaa7269ad') in 0.013851 seconds
Number of updated asset objects reloaded before import = 0
Number of asset objects unloaded after import = 3
========================================================================
Received Import Request.
  Time since last request: 0.000112 seconds.
  path: Assets/Layer Lab/GUI-CasualFantasy/ResourcesData/Sprites/Components/IconMisc/Icon_Add01.Png
  artifactKey: Guid(debda9ac064184b7b992b061dc2697ec) Importer(815301076,1909f56bfc062723c751e8b465ee728b)
Start importing Assets/Layer Lab/GUI-CasualFantasy/ResourcesData/Sprites/Components/IconMisc/Icon_Add01.Png using Guid(debda9ac064184b7b992b061dc2697ec) Importer(815301076,1909f56bfc062723c751e8b465ee728b) [PhysX] Initialized MultithreadedTaskDispatcher with 16 workers.
[PhysX] Initialized MultithreadedTaskDispatcher with 16 workers.
 -> (artifact id: '55e889aac3ab932bf51a650432f67374') in 0.014336 seconds
Number of updated asset objects reloaded before import = 0
Number of asset objects unloaded after import = 3
========================================================================
Received Import Request.
  Time since last request: 0.000078 seconds.
  path: Assets/Layer Lab/GUI-CasualFantasy/ResourcesData/Sprites/Components/IconMisc/Icon_Info.png
  artifactKey: Guid(30c93054c9d27454c99a620e8f150e95) Importer(815301076,1909f56bfc062723c751e8b465ee728b)
Start importing Assets/Layer Lab/GUI-CasualFantasy/ResourcesData/Sprites/Components/IconMisc/Icon_Info.png using Guid(30c93054c9d27454c99a620e8f150e95) Importer(815301076,1909f56bfc062723c751e8b465ee728b) [PhysX] Initialized MultithreadedTaskDispatcher with 16 workers.
[PhysX] Initialized MultithreadedTaskDispatcher with 16 workers.
 -> (artifact id: '207d464e29d82dc6a3767225ee9bc307') in 0.014355 seconds
Number of updated asset objects reloaded before import = 0
Number of asset objects unloaded after import = 3
========================================================================
Received Import Request.
  Time since last request: 0.000101 seconds.
  path: Assets/Layer Lab/GUI-CasualFantasy/ResourcesData/Sprites/Components/IconMisc/Icon_Helmet02_256.png
  artifactKey: Guid(b5e0e0ec391174ed485c99b626e1ec9d) Importer(815301076,1909f56bfc062723c751e8b465ee728b)
Start importing Assets/Layer Lab/GUI-CasualFantasy/ResourcesData/Sprites/Components/IconMisc/Icon_Helmet02_256.png using Guid(b5e0e0ec391174ed485c99b626e1ec9d) Importer(815301076,1909f56bfc062723c751e8b465ee728b) [PhysX] Initialized MultithreadedTaskDispatcher with 16 workers.
[PhysX] Initialized MultithreadedTaskDispatcher with 16 workers.
 -> (artifact id: '772c37ab66bac1befe6d3be06e3e7f10') in 0.014776 seconds
Number of updated asset objects reloaded before import = 0
Number of asset objects unloaded after import = 3
========================================================================
Received Import Request.
  Time since last request: 0.000015 seconds.
  path: Assets/Layer Lab/GUI-CasualFantasy/ResourcesData/Sprites/Components/IconMisc/Icon_Sound.png
  artifactKey: Guid(c3bc8a560968f44cdbd484279fd8cac0) Importer(815301076,1909f56bfc062723c751e8b465ee728b)
Start importing Assets/Layer Lab/GUI-CasualFantasy/ResourcesData/Sprites/Components/IconMisc/Icon_Sound.png using Guid(c3bc8a560968f44cdbd484279fd8cac0) Importer(815301076,1909f56bfc062723c751e8b465ee728b) [PhysX] Initialized MultithreadedTaskDispatcher with 16 workers.
[PhysX] Initialized MultithreadedTaskDispatcher with 16 workers.
 -> (artifact id: 'ae9048e496269abe437d5be35cd84e9e') in 0.013892 seconds
Number of updated asset objects reloaded before import = 0
Number of asset objects unloaded after import = 3
========================================================================
Received Import Request.
  Time since last request: 0.000015 seconds.
  path: Assets/Layer Lab/GUI-CasualFantasy/ResourcesData/Sprites/Components/IconMisc/Icon_Skull01.Png
  artifactKey: Guid(05f2381e0d0c544c2894d672bba229c1) Importer(815301076,1909f56bfc062723c751e8b465ee728b)
Start importing Assets/Layer Lab/GUI-CasualFantasy/ResourcesData/Sprites/Components/IconMisc/Icon_Skull01.Png using Guid(05f2381e0d0c544c2894d672bba229c1) Importer(815301076,1909f56bfc062723c751e8b465ee728b) [PhysX] Initialized MultithreadedTaskDispatcher with 16 workers.
[PhysX] Initialized MultithreadedTaskDispatcher with 16 workers.
 -> (artifact id: 'a6bd5a30b187fa459e154858f48b154f') in 0.014340 seconds
Number of updated asset objects reloaded before import = 0
Number of asset objects unloaded after import = 3
========================================================================
Received Import Request.
  Time since last request: 0.000044 seconds.
  path: Assets/Layer Lab/GUI-CasualFantasy/ResourcesData/Sprites/Components/Icon_ItemIcons/256/ItemIcon_Crown.Png
  artifactKey: Guid(bbbe8806fa9cc47229594ced9d95940f) Importer(815301076,1909f56bfc062723c751e8b465ee728b)
Start importing Assets/Layer Lab/GUI-CasualFantasy/ResourcesData/Sprites/Components/Icon_ItemIcons/256/ItemIcon_Crown.Png using Guid(bbbe8806fa9cc47229594ced9d95940f) Importer(815301076,1909f56bfc062723c751e8b465ee728b) [PhysX] Initialized MultithreadedTaskDispatcher with 16 workers.
[PhysX] Initialized MultithreadedTaskDispatcher with 16 workers.
 -> (artifact id: '8bca3b7cf5610df6b55f08f19061ec66') in 0.013439 seconds
Number of updated asset objects reloaded before import = 0
Number of asset objects unloaded after import = 3
========================================================================
Received Import Request.
  Time since last request: 0.000031 seconds.
  path: Assets/Layer Lab/GUI-CasualFantasy/ResourcesData/Sprites/Components/Icon_ItemIcons/128/ItemIcon_Crown.png
  artifactKey: Guid(fa074f8ff39c74440af662c1c8968a9d) Importer(815301076,1909f56bfc062723c751e8b465ee728b)
Start importing Assets/Layer Lab/GUI-CasualFantasy/ResourcesData/Sprites/Components/Icon_ItemIcons/128/ItemIcon_Crown.png using Guid(fa074f8ff39c74440af662c1c8968a9d) Importer(815301076,1909f56bfc062723c751e8b465ee728b) [PhysX] Initialized MultithreadedTaskDispatcher with 16 workers.
[PhysX] Initialized MultithreadedTaskDispatcher with 16 workers.
 -> (artifact id: '935993862fb4dc547bb45c2f7821f026') in 0.013665 seconds
Number of updated asset objects reloaded before import = 0
Number of asset objects unloaded after import = 3
========================================================================
Received Import Request.
  Time since last request: 0.000060 seconds.
  path: Assets/Layer Lab/GUI-CasualFantasy/ResourcesData/Sprites/Components/Icon_ItemIcons/512/ItemIcon_Skull01.png
  artifactKey: Guid(b4d3ae12aa72f41f7b848daba4a95902) Importer(815301076,1909f56bfc062723c751e8b465ee728b)
Start importing Assets/Layer Lab/GUI-CasualFantasy/ResourcesData/Sprites/Components/Icon_ItemIcons/512/ItemIcon_Skull01.png using Guid(b4d3ae12aa72f41f7b848daba4a95902) Importer(815301076,1909f56bfc062723c751e8b465ee728b) [PhysX] Initialized MultithreadedTaskDispatcher with 16 workers.
[PhysX] Initialized MultithreadedTaskDispatcher with 16 workers.
 -> (artifact id: '0a8236a7d54c7e33e146213b0564bd10') in 0.015228 seconds
Number of updated asset objects reloaded before import = 0
Number of asset objects unloaded after import = 3
========================================================================
Received Import Request.
  Time since last request: 0.000015 seconds.
  path: Assets/Layer Lab/GUI-CasualFantasy/ResourcesData/Sprites/Components/Icon_ItemIcons/256/ItemIcon_Skull01.Png
  artifactKey: Guid(db2ad2b423c8a4cf4ace5fb7063d5c1a) Importer(815301076,1909f56bfc062723c751e8b465ee728b)
Start importing Assets/Layer Lab/GUI-CasualFantasy/ResourcesData/Sprites/Components/Icon_ItemIcons/256/ItemIcon_Skull01.Png using Guid(db2ad2b423c8a4cf4ace5fb7063d5c1a) Importer(815301076,1909f56bfc062723c751e8b465ee728b) [PhysX] Initialized MultithreadedTaskDispatcher with 16 workers.
[PhysX] Initialized MultithreadedTaskDispatcher with 16 workers.
 -> (artifact id: '330dff6dc6e3a5a7a710e1d116e480ad') in 0.014419 seconds
Number of updated asset objects reloaded before import = 0
Number of asset objects unloaded after import = 3
========================================================================
Received Import Request.
  Time since last request: 0.000017 seconds.
  path: Assets/Layer Lab/GUI-CasualFantasy/ResourcesData/Sprites/Components/Label/Label_Ribbon01_Purple_Deco.png
  artifactKey: Guid(54b0a6df92c834ef2b6f9716995d9aab) Importer(815301076,1909f56bfc062723c751e8b465ee728b)
Start importing Assets/Layer Lab/GUI-CasualFantasy/ResourcesData/Sprites/Components/Label/Label_Ribbon01_Purple_Deco.png using Guid(54b0a6df92c834ef2b6f9716995d9aab) Importer(815301076,1909f56bfc062723c751e8b465ee728b) [PhysX] Initialized MultithreadedTaskDispatcher with 16 workers.
[PhysX] Initialized MultithreadedTaskDispatcher with 16 workers.
 -> (artifact id: 'f35d7eb503ebf8a98489f8186a886036') in 0.013497 seconds
Number of updated asset objects reloaded before import = 0
Number of asset objects unloaded after import = 3
========================================================================
Received Import Request.
  Time since last request: 0.000059 seconds.
  path: Assets/Layer Lab/GUI-CasualFantasy/ResourcesData/Sprites/Components/Label/Label_Ribbon01_Teal.png
  artifactKey: Guid(e5d46ea2e4ac145a7befa2dd9c7c4031) Importer(815301076,1909f56bfc062723c751e8b465ee728b)
Start importing Assets/Layer Lab/GUI-CasualFantasy/ResourcesData/Sprites/Components/Label/Label_Ribbon01_Teal.png using Guid(e5d46ea2e4ac145a7befa2dd9c7c4031) Importer(815301076,1909f56bfc062723c751e8b465ee728b) [PhysX] Initialized MultithreadedTaskDispatcher with 16 workers.
[PhysX] Initialized MultithreadedTaskDispatcher with 16 workers.
 -> (artifact id: '13b78a5342c6fcea6d320e9aa502982e') in 0.013604 seconds
Number of updated asset objects reloaded before import = 0
Number of asset objects unloaded after import = 3
========================================================================
Received Import Request.
  Time since last request: 0.000036 seconds.
  path: Assets/Layer Lab/GUI-CasualFantasy/ResourcesData/Sprites/Components/Label/Label_Ribbon01_Red.png
  artifactKey: Guid(9064d0a83bc324159b12ff2e2a0b691b) Importer(815301076,1909f56bfc062723c751e8b465ee728b)
Start importing Assets/Layer Lab/GUI-CasualFantasy/ResourcesData/Sprites/Components/Label/Label_Ribbon01_Red.png using Guid(9064d0a83bc324159b12ff2e2a0b691b) Importer(815301076,1909f56bfc062723c751e8b465ee728b) [PhysX] Initialized MultithreadedTaskDispatcher with 16 workers.
[PhysX] Initialized MultithreadedTaskDispatcher with 16 workers.
 -> (artifact id: '12ef707ddf96503b34af486e704e1810') in 0.013091 seconds
Number of updated asset objects reloaded before import = 0
Number of asset objects unloaded after import = 3
========================================================================
Received Import Request.
  Time since last request: 0.000019 seconds.
  path: Assets/Layer Lab/GUI-CasualFantasy/ResourcesData/Sprites/Components/IconMisc/Icon_Star01_s.png
  artifactKey: Guid(72d705ce8d2ed45ae919811c15e03639) Importer(815301076,1909f56bfc062723c751e8b465ee728b)
Start importing Assets/Layer Lab/GUI-CasualFantasy/ResourcesData/Sprites/Components/IconMisc/Icon_Star01_s.png using Guid(72d705ce8d2ed45ae919811c15e03639) Importer(815301076,1909f56bfc062723c751e8b465ee728b) [PhysX] Initialized MultithreadedTaskDispatcher with 16 workers.
[PhysX] Initialized MultithreadedTaskDispatcher with 16 workers.
 -> (artifact id: '1feadf594cb3810cd82ce93e451d0b82') in 0.014228 seconds
Number of updated asset objects reloaded before import = 0
Number of asset objects unloaded after import = 3
========================================================================
Received Import Request.
  Time since last request: 0.000079 seconds.
  path: Assets/Layer Lab/GUI-CasualFantasy/ResourcesData/Sprites/Components/Icon_Flag/Icon_LanguageFlag_Large_Chn.png
  artifactKey: Guid(a5e7a48ef0dab42f6822c1a0ee28104d) Importer(815301076,1909f56bfc062723c751e8b465ee728b)
Start importing Assets/Layer Lab/GUI-CasualFantasy/ResourcesData/Sprites/Components/Icon_Flag/Icon_LanguageFlag_Large_Chn.png using Guid(a5e7a48ef0dab42f6822c1a0ee28104d) Importer(815301076,1909f56bfc062723c751e8b465ee728b) [PhysX] Initialized MultithreadedTaskDispatcher with 16 workers.
[PhysX] Initialized MultithreadedTaskDispatcher with 16 workers.
 -> (artifact id: 'a46c0750d242e90ff0fb3c1a2a765ad5') in 0.012930 seconds
Number of updated asset objects reloaded before import = 0
Number of asset objects unloaded after import = 3
========================================================================
Received Import Request.
  Time since last request: 0.000051 seconds.
  path: Assets/Layer Lab/GUI-CasualFantasy/ResourcesData/Sprites/Components/Slider/Slider_Basic01_Fill_Magenta.Png
  artifactKey: Guid(6c972a3cf1d514adfbb95337a9e527f3) Importer(815301076,1909f56bfc062723c751e8b465ee728b)
Start importing Assets/Layer Lab/GUI-CasualFantasy/ResourcesData/Sprites/Components/Slider/Slider_Basic01_Fill_Magenta.Png using Guid(6c972a3cf1d514adfbb95337a9e527f3) Importer(815301076,1909f56bfc062723c751e8b465ee728b) [PhysX] Initialized MultithreadedTaskDispatcher with 16 workers.
[PhysX] Initialized MultithreadedTaskDispatcher with 16 workers.
 -> (artifact id: '167741f18fa442c275fa0bed4478aed3') in 0.013851 seconds
Number of updated asset objects reloaded before import = 0
Number of asset objects unloaded after import = 3
========================================================================
Received Import Request.
  Time since last request: 0.000015 seconds.
  path: Assets/Layer Lab/GUI-CasualFantasy/ResourcesData/Sprites/Components/IconMisc/Skill2.Png
  artifactKey: Guid(13756a141b0b84db08f0c80f06bb5d45) Importer(815301076,1909f56bfc062723c751e8b465ee728b)
Start importing Assets/Layer Lab/GUI-CasualFantasy/ResourcesData/Sprites/Components/IconMisc/Skill2.Png using Guid(13756a141b0b84db08f0c80f06bb5d45) Importer(815301076,1909f56bfc062723c751e8b465ee728b) [PhysX] Initialized MultithreadedTaskDispatcher with 16 workers.
[PhysX] Initialized MultithreadedTaskDispatcher with 16 workers.
 -> (artifact id: '3892684daa629575cf16d62ed7f0553e') in 0.015151 seconds
Number of updated asset objects reloaded before import = 0
Number of asset objects unloaded after import = 3
========================================================================
Received Import Request.
  Time since last request: 0.000017 seconds.
  path: Assets/Layer Lab/GUI-CasualFantasy/ResourcesData/Sprites/Components/Slider/Slider_Diagonal70_Demo_Fill01.png
  artifactKey: Guid(d09a2a757a52d4806abbb342985e40fb) Importer(815301076,1909f56bfc062723c751e8b465ee728b)
Start importing Assets/Layer Lab/GUI-CasualFantasy/ResourcesData/Sprites/Components/Slider/Slider_Diagonal70_Demo_Fill01.png using Guid(d09a2a757a52d4806abbb342985e40fb) Importer(815301076,1909f56bfc062723c751e8b465ee728b) [PhysX] Initialized MultithreadedTaskDispatcher with 16 workers.
[PhysX] Initialized MultithreadedTaskDispatcher with 16 workers.
 -> (artifact id: 'ceebd7b46002f57b7c17fe7b994ac3d0') in 0.014154 seconds
Number of updated asset objects reloaded before import = 0
Number of asset objects unloaded after import = 3
========================================================================
Received Import Request.
  Time since last request: 0.000028 seconds.
  path: Assets/Layer Lab/GUI-CasualFantasy/ResourcesData/Sprites/Components/Slider/Slider_Diagonal70_Demo_Fill02.png
  artifactKey: Guid(c39ee18e931c24e12ba830a45e10a55b) Importer(815301076,1909f56bfc062723c751e8b465ee728b)
Start importing Assets/Layer Lab/GUI-CasualFantasy/ResourcesData/Sprites/Components/Slider/Slider_Diagonal70_Demo_Fill02.png using Guid(c39ee18e931c24e12ba830a45e10a55b) Importer(815301076,1909f56bfc062723c751e8b465ee728b) [PhysX] Initialized MultithreadedTaskDispatcher with 16 workers.
[PhysX] Initialized MultithreadedTaskDispatcher with 16 workers.
 -> (artifact id: '16946a329171ce3743640662e9ab1655') in 0.016070 seconds
Number of updated asset objects reloaded before import = 0
Number of asset objects unloaded after import = 3
========================================================================
Received Import Request.
  Time since last request: 0.000062 seconds.
  path: Assets/Layer Lab/GUI-CasualFantasy/ResourcesData/Sprites/Components/UI_Etc/Toggle01_Demo_Off.Png
  artifactKey: Guid(bbe4860964a5e49c28d8162fafcfb1e9) Importer(815301076,1909f56bfc062723c751e8b465ee728b)
Start importing Assets/Layer Lab/GUI-CasualFantasy/ResourcesData/Sprites/Components/UI_Etc/Toggle01_Demo_Off.Png using Guid(bbe4860964a5e49c28d8162fafcfb1e9) Importer(815301076,1909f56bfc062723c751e8b465ee728b) [PhysX] Initialized MultithreadedTaskDispatcher with 16 workers.
[PhysX] Initialized MultithreadedTaskDispatcher with 16 workers.
 -> (artifact id: '8d2d72a29100505d701637fbcf74f17b') in 0.014794 seconds
Number of updated asset objects reloaded before import = 0
Number of asset objects unloaded after import = 3
========================================================================
Received Import Request.
  Time since last request: 0.000101 seconds.
  path: Assets/Layer Lab/GUI-CasualFantasy/ResourcesData/Sprites/Components/UI_Etc/Toggle01_Demo_ChenkIcon_Green.png
  artifactKey: Guid(1e5c88a38d2ef40e5b7ca336263ca8e6) Importer(815301076,1909f56bfc062723c751e8b465ee728b)
Start importing Assets/Layer Lab/GUI-CasualFantasy/ResourcesData/Sprites/Components/UI_Etc/Toggle01_Demo_ChenkIcon_Green.png using Guid(1e5c88a38d2ef40e5b7ca336263ca8e6) Importer(815301076,1909f56bfc062723c751e8b465ee728b) [PhysX] Initialized MultithreadedTaskDispatcher with 16 workers.
[PhysX] Initialized MultithreadedTaskDispatcher with 16 workers.
 -> (artifact id: '8a6d023cba4b9804ffe09781aa517719') in 0.013994 seconds
Number of updated asset objects reloaded before import = 0
Number of asset objects unloaded after import = 3
========================================================================
Received Import Request.
  Time since last request: 0.000042 seconds.
  path: Assets/Layer Lab/GUI-CasualFantasy/ResourcesData/Sprites/Components/UI_Etc/TabMenu_Top_White_Focus.Png
  artifactKey: Guid(0493582ecacfe4e81be26450a20ee118) Importer(815301076,1909f56bfc062723c751e8b465ee728b)
Start importing Assets/Layer Lab/GUI-CasualFantasy/ResourcesData/Sprites/Components/UI_Etc/TabMenu_Top_White_Focus.Png using Guid(0493582ecacfe4e81be26450a20ee118) Importer(815301076,1909f56bfc062723c751e8b465ee728b) [PhysX] Initialized MultithreadedTaskDispatcher with 16 workers.
[PhysX] Initialized MultithreadedTaskDispatcher with 16 workers.
 -> (artifact id: '1cd6787081993bd1ff5f38dd53547c5d') in 0.015213 seconds
Number of updated asset objects reloaded before import = 0
Number of asset objects unloaded after import = 3
========================================================================
Received Import Request.
  Time since last request: 0.000104 seconds.
  path: Assets/Layer Lab/GUI-CasualFantasy/ResourcesData/Sprites/Components/Popup/SlidePopup_Demo.Png
  artifactKey: Guid(456a8338c86a446ba8c9116838eb6ecd) Importer(815301076,1909f56bfc062723c751e8b465ee728b)
Start importing Assets/Layer Lab/GUI-CasualFantasy/ResourcesData/Sprites/Components/Popup/SlidePopup_Demo.Png using Guid(456a8338c86a446ba8c9116838eb6ecd) Importer(815301076,1909f56bfc062723c751e8b465ee728b) [PhysX] Initialized MultithreadedTaskDispatcher with 16 workers.
[PhysX] Initialized MultithreadedTaskDispatcher with 16 workers.
 -> (artifact id: '2a263a2f82e26e94b6fcc676d8b89cb0') in 0.013473 seconds
Number of updated asset objects reloaded before import = 0
Number of asset objects unloaded after import = 3
========================================================================
Received Import Request.
  Time since last request: 0.000046 seconds.
  path: Assets/Layer Lab/GUI-CasualFantasy/ResourcesData/Sprites/Components/UI_Etc/Toggle01_White_On.png
  artifactKey: Guid(e8cd3cffd0d684631b8b486cc5fbe11e) Importer(815301076,1909f56bfc062723c751e8b465ee728b)
Start importing Assets/Layer Lab/GUI-CasualFantasy/ResourcesData/Sprites/Components/UI_Etc/Toggle01_White_On.png using Guid(e8cd3cffd0d684631b8b486cc5fbe11e) Importer(815301076,1909f56bfc062723c751e8b465ee728b) [PhysX] Initialized MultithreadedTaskDispatcher with 16 workers.
[PhysX] Initialized MultithreadedTaskDispatcher with 16 workers.
 -> (artifact id: '75d17e412cb5e8da4bc065a805f8b350') in 0.011770 seconds
Number of updated asset objects reloaded before import = 0
Number of asset objects unloaded after import = 3
========================================================================
Received Import Request.
  Time since last request: 0.000061 seconds.
  path: Assets/Others/flappy-bird-assets/sprites/yellowbird-downflap.png
  artifactKey: Guid(d2dce5d199dde7648bb20d00b09c4d1a) Importer(815301076,1909f56bfc062723c751e8b465ee728b)
Start importing Assets/Others/flappy-bird-assets/sprites/yellowbird-downflap.png using Guid(d2dce5d199dde7648bb20d00b09c4d1a) Importer(815301076,1909f56bfc062723c751e8b465ee728b) [PhysX] Initialized MultithreadedTaskDispatcher with 16 workers.
[PhysX] Initialized MultithreadedTaskDispatcher with 16 workers.
 -> (artifact id: '8801a12c884a69b2e0284df846375d57') in 0.014235 seconds
Number of updated asset objects reloaded before import = 0
Number of asset objects unloaded after import = 3
========================================================================
Received Import Request.
  Time since last request: 0.000059 seconds.
  path: Assets/Layer Lab/GUI-CasualFantasy/ResourcesData/Sprites/Components/Frame/HorizontalFrame01_White2.png
  artifactKey: Guid(13cb6ed96f77d437991b5a4bc256e7ab) Importer(815301076,1909f56bfc062723c751e8b465ee728b)
Start importing Assets/Layer Lab/GUI-CasualFantasy/ResourcesData/Sprites/Components/Frame/HorizontalFrame01_White2.png using Guid(13cb6ed96f77d437991b5a4bc256e7ab) Importer(815301076,1909f56bfc062723c751e8b465ee728b) [PhysX] Initialized MultithreadedTaskDispatcher with 16 workers.
[PhysX] Initialized MultithreadedTaskDispatcher with 16 workers.
 -> (artifact id: '682566cecf17ed5f09fde8d00c8b35d8') in 0.014996 seconds
Number of updated asset objects reloaded before import = 0
Number of asset objects unloaded after import = 3
========================================================================
Received Import Request.
  Time since last request: 0.000060 seconds.
  path: Assets/Layer Lab/GUI-CasualFantasy/ResourcesData/Sprites/Components/IconMisc/Icon_Add03.png
  artifactKey: Guid(32a662304c3e04844999731eee48891b) Importer(815301076,1909f56bfc062723c751e8b465ee728b)
Start importing Assets/Layer Lab/GUI-CasualFantasy/ResourcesData/Sprites/Components/IconMisc/Icon_Add03.png using Guid(32a662304c3e04844999731eee48891b) Importer(815301076,1909f56bfc062723c751e8b465ee728b) [PhysX] Initialized MultithreadedTaskDispatcher with 16 workers.
[PhysX] Initialized MultithreadedTaskDispatcher with 16 workers.
 -> (artifact id: '92068b7647ece95afadb3fa887777cdf') in 0.015531 seconds
Number of updated asset objects reloaded before import = 0
Number of asset objects unloaded after import = 3
========================================================================
Received Import Request.
  Time since last request: 0.000149 seconds.
  path: Assets/Layer Lab/GUI-CasualFantasy/ResourcesData/Sprites/Components/Button/Button_SquareGradient106_Demo.png
  artifactKey: Guid(cabe68a1963f34522b5ca55dec0f067c) Importer(815301076,1909f56bfc062723c751e8b465ee728b)
Start importing Assets/Layer Lab/GUI-CasualFantasy/ResourcesData/Sprites/Components/Button/Button_SquareGradient106_Demo.png using Guid(cabe68a1963f34522b5ca55dec0f067c) Importer(815301076,1909f56bfc062723c751e8b465ee728b) [PhysX] Initialized MultithreadedTaskDispatcher with 16 workers.
[PhysX] Initialized MultithreadedTaskDispatcher with 16 workers.
 -> (artifact id: 'fc7c4113b695fdb36594f9860b6bf8b9') in 0.013096 seconds
Number of updated asset objects reloaded before import = 0
Number of asset objects unloaded after import = 3
========================================================================
Received Import Request.
  Time since last request: 0.754676 seconds.
  path: Assets/Layer Lab/GUI-CasualFantasy/ResourcesData/Sprites/Components/UI_Etc/Switch01_White_Button.Png
  artifactKey: Guid(5d413a672970d413aad20643e4b16316) Importer(815301076,1909f56bfc062723c751e8b465ee728b)
Start importing Assets/Layer Lab/GUI-CasualFantasy/ResourcesData/Sprites/Components/UI_Etc/Switch01_White_Button.Png using Guid(5d413a672970d413aad20643e4b16316) Importer(815301076,1909f56bfc062723c751e8b465ee728b) [PhysX] Initialized MultithreadedTaskDispatcher with 16 workers.
[PhysX] Initialized MultithreadedTaskDispatcher with 16 workers.
 -> (artifact id: '049c191830e5e53ad934d2c7d3a06746') in 0.018570 seconds
Number of updated asset objects reloaded before import = 0
Number of asset objects unloaded after import = 3
========================================================================
Received Import Request.
  Time since last request: 0.000044 seconds.
  path: Assets/Layer Lab/GUI-CasualFantasy/ResourcesData/Sprites/Components/UI_Etc/Switch01_Demo_Button_On.Png
  artifactKey: Guid(1f97e489f04f84b2fb386fb3d74ccdac) Importer(815301076,1909f56bfc062723c751e8b465ee728b)
Start importing Assets/Layer Lab/GUI-CasualFantasy/ResourcesData/Sprites/Components/UI_Etc/Switch01_Demo_Button_On.Png using Guid(1f97e489f04f84b2fb386fb3d74ccdac) Importer(815301076,1909f56bfc062723c751e8b465ee728b) [PhysX] Initialized MultithreadedTaskDispatcher with 16 workers.
[PhysX] Initialized MultithreadedTaskDispatcher with 16 workers.
 -> (artifact id: '6b2e46a6b3f8da83499dd9c7f57154ef') in 0.016163 seconds
Number of updated asset objects reloaded before import = 0
Number of asset objects unloaded after import = 3
========================================================================
Received Import Request.
  Time since last request: 0.004854 seconds.
  path: Assets/Layer Lab/GUI-CasualFantasy/ResourcesData/Sprites/Components/UI_Etc/Switch01_Demo_Bg_Off.Png
  artifactKey: Guid(df843252e994c4cc0bc5f6e62dbedab2) Importer(815301076,1909f56bfc062723c751e8b465ee728b)
Start importing Assets/Layer Lab/GUI-CasualFantasy/ResourcesData/Sprites/Components/UI_Etc/Switch01_Demo_Bg_Off.Png using Guid(df843252e994c4cc0bc5f6e62dbedab2) Importer(815301076,1909f56bfc062723c751e8b465ee728b) [PhysX] Initialized MultithreadedTaskDispatcher with 16 workers.
[PhysX] Initialized MultithreadedTaskDispatcher with 16 workers.
 -> (artifact id: 'a2f53c337f7c931278b46eb4d33806cf') in 0.018010 seconds
Number of updated asset objects reloaded before import = 0
Number of asset objects unloaded after import = 3
========================================================================
Received Import Request.
  Time since last request: 0.011306 seconds.
  path: Assets/Layer Lab/GUI-CasualFantasy/ResourcesData/Sprites/Components/Slider/Slider_Diagonal70_White_Icon02_2.png
  artifactKey: Guid(08fa7ae2cea13438493c3a9e14b3683c) Importer(815301076,1909f56bfc062723c751e8b465ee728b)
Start importing Assets/Layer Lab/GUI-CasualFantasy/ResourcesData/Sprites/Components/Slider/Slider_Diagonal70_White_Icon02_2.png using Guid(08fa7ae2cea13438493c3a9e14b3683c) Importer(815301076,1909f56bfc062723c751e8b465ee728b) [PhysX] Initialized MultithreadedTaskDispatcher with 16 workers.
[PhysX] Initialized MultithreadedTaskDispatcher with 16 workers.
 -> (artifact id: '20f597a48daa72ca75cced5b630d6465') in 0.017368 seconds
Number of updated asset objects reloaded before import = 0
Number of asset objects unloaded after import = 3
========================================================================
Received Import Request.
  Time since last request: 0.000093 seconds.
  path: Assets/Layer Lab/GUI-CasualFantasy/ResourcesData/Sprites/Components/Slider/Slider_HandleType01_Demo_Bg.Png
  artifactKey: Guid(328913699fc7e4bf79b4581dc67ee1eb) Importer(815301076,1909f56bfc062723c751e8b465ee728b)
Start importing Assets/Layer Lab/GUI-CasualFantasy/ResourcesData/Sprites/Components/Slider/Slider_HandleType01_Demo_Bg.Png using Guid(328913699fc7e4bf79b4581dc67ee1eb) Importer(815301076,1909f56bfc062723c751e8b465ee728b) [PhysX] Initialized MultithreadedTaskDispatcher with 16 workers.
[PhysX] Initialized MultithreadedTaskDispatcher with 16 workers.
 -> (artifact id: '04c8e51e244ef7b8cf99a9c6795ffaf5') in 0.015727 seconds
Number of updated asset objects reloaded before import = 0
Number of asset objects unloaded after import = 3
========================================================================
Received Import Request.
  Time since last request: 0.000114 seconds.
  path: Assets/Layer Lab/GUI-CasualFantasy/ResourcesData/Sprites/Components/Slider/Slider_Diagonal71_White_Bg.Png
  artifactKey: Guid(a76532bfc966943039882b6a3ec7162b) Importer(815301076,1909f56bfc062723c751e8b465ee728b)
Start importing Assets/Layer Lab/GUI-CasualFantasy/ResourcesData/Sprites/Components/Slider/Slider_Diagonal71_White_Bg.Png using Guid(a76532bfc966943039882b6a3ec7162b) Importer(815301076,1909f56bfc062723c751e8b465ee728b) [PhysX] Initialized MultithreadedTaskDispatcher with 16 workers.
[PhysX] Initialized MultithreadedTaskDispatcher with 16 workers.
 -> (artifact id: '8c353809bd2ace5b7de32564d6cc5feb') in 0.015117 seconds
Number of updated asset objects reloaded before import = 0
Number of asset objects unloaded after import = 3
========================================================================
Received Import Request.
  Time since last request: 0.000096 seconds.
  path: Assets/Layer Lab/GUI-CasualFantasy/ResourcesData/Sprites/Components/Slider/Slider_Diagonal48_Demo_Fill.Png
  artifactKey: Guid(ade001ac5f0c748109afa534f9994cb3) Importer(815301076,1909f56bfc062723c751e8b465ee728b)
Start importing Assets/Layer Lab/GUI-CasualFantasy/ResourcesData/Sprites/Components/Slider/Slider_Diagonal48_Demo_Fill.Png using Guid(ade001ac5f0c748109afa534f9994cb3) Importer(815301076,1909f56bfc062723c751e8b465ee728b) [PhysX] Initialized MultithreadedTaskDispatcher with 16 workers.
[PhysX] Initialized MultithreadedTaskDispatcher with 16 workers.
 -> (artifact id: '98d47412b4369401e26b88bc61a61a70') in 0.015844 seconds
Number of updated asset objects reloaded before import = 0
Number of asset objects unloaded after import = 3
========================================================================
Received Import Request.
  Time since last request: 0.000018 seconds.
  path: Assets/Layer Lab/GUI-CasualFantasy/ResourcesData/Sprites/Components/Slider/Slider_Diagonal42_White_Icon2.png
  artifactKey: Guid(8061aee4829024c2ba713b20507b9cda) Importer(815301076,1909f56bfc062723c751e8b465ee728b)
Start importing Assets/Layer Lab/GUI-CasualFantasy/ResourcesData/Sprites/Components/Slider/Slider_Diagonal42_White_Icon2.png using Guid(8061aee4829024c2ba713b20507b9cda) Importer(815301076,1909f56bfc062723c751e8b465ee728b) [PhysX] Initialized MultithreadedTaskDispatcher with 16 workers.
[PhysX] Initialized MultithreadedTaskDispatcher with 16 workers.
 -> (artifact id: 'd80ce5123314ede40c4129a14c106c3f') in 0.013791 seconds
Number of updated asset objects reloaded before import = 0
Number of asset objects unloaded after import = 3
========================================================================
Received Import Request.
  Time since last request: 0.000050 seconds.
  path: Assets/Layer Lab/GUI-CasualFantasy/ResourcesData/Sprites/Components/Slider/Slider_Basic01_Fill_Teal.Png
  artifactKey: Guid(54436d6551c7b459daf0f919c7367de8) Importer(815301076,1909f56bfc062723c751e8b465ee728b)
Start importing Assets/Layer Lab/GUI-CasualFantasy/ResourcesData/Sprites/Components/Slider/Slider_Basic01_Fill_Teal.Png using Guid(54436d6551c7b459daf0f919c7367de8) Importer(815301076,1909f56bfc062723c751e8b465ee728b) [PhysX] Initialized MultithreadedTaskDispatcher with 16 workers.
[PhysX] Initialized MultithreadedTaskDispatcher with 16 workers.
 -> (artifact id: 'f01a7a767cfffdf4cb7aaaa554a91bd2') in 0.012510 seconds
Number of updated asset objects reloaded before import = 0
Number of asset objects unloaded after import = 3
========================================================================
Received Import Request.
  Time since last request: 0.000020 seconds.
  path: Assets/Layer Lab/GUI-CasualFantasy/ResourcesData/Sprites/Components/Slider/Slider_Basic01_Fill_Red.Png
  artifactKey: Guid(5d3ebab44e3d74e088eef04216c725bd) Importer(815301076,1909f56bfc062723c751e8b465ee728b)
Start importing Assets/Layer Lab/GUI-CasualFantasy/ResourcesData/Sprites/Components/Slider/Slider_Basic01_Fill_Red.Png using Guid(5d3ebab44e3d74e088eef04216c725bd) Importer(815301076,1909f56bfc062723c751e8b465ee728b) [PhysX] Initialized MultithreadedTaskDispatcher with 16 workers.
[PhysX] Initialized MultithreadedTaskDispatcher with 16 workers.
 -> (artifact id: '854ce0fe130179cdf503193885204353') in 0.012079 seconds
Number of updated asset objects reloaded before import = 0
Number of asset objects unloaded after import = 3
========================================================================
Received Import Request.
  Time since last request: 0.000034 seconds.
  path: Assets/Layer Lab/GUI-CasualFantasy/ResourcesData/Sprites/Demo/Demo_Character/SampleCharacter_Archer.png
  artifactKey: Guid(b3eea32e56c034e73a8f2aeb84e0462e) Importer(815301076,1909f56bfc062723c751e8b465ee728b)
Start importing Assets/Layer Lab/GUI-CasualFantasy/ResourcesData/Sprites/Demo/Demo_Character/SampleCharacter_Archer.png using Guid(b3eea32e56c034e73a8f2aeb84e0462e) Importer(815301076,1909f56bfc062723c751e8b465ee728b) [PhysX] Initialized MultithreadedTaskDispatcher with 16 workers.
[PhysX] Initialized MultithreadedTaskDispatcher with 16 workers.
 -> (artifact id: '49d616942d423e8c79c0fae99fbd3960') in 0.015450 seconds
Number of updated asset objects reloaded before import = 0
Number of asset objects unloaded after import = 3
========================================================================
Received Import Request.
  Time since last request: 0.000020 seconds.
  path: Assets/Layer Lab/GUI-CasualFantasy/ResourcesData/Sprites/Demo/Demo_Character/SampleCharacter_Knight02.png
  artifactKey: Guid(ea0d15c8ad5814d68ba5d1f53bae6247) Importer(815301076,1909f56bfc062723c751e8b465ee728b)
Start importing Assets/Layer Lab/GUI-CasualFantasy/ResourcesData/Sprites/Demo/Demo_Character/SampleCharacter_Knight02.png using Guid(ea0d15c8ad5814d68ba5d1f53bae6247) Importer(815301076,1909f56bfc062723c751e8b465ee728b) [PhysX] Initialized MultithreadedTaskDispatcher with 16 workers.
[PhysX] Initialized MultithreadedTaskDispatcher with 16 workers.
 -> (artifact id: 'a3926802148485e97b50d824fd9857b9') in 0.017087 seconds
Number of updated asset objects reloaded before import = 0
Number of asset objects unloaded after import = 3
========================================================================
Received Import Request.
  Time since last request: 0.000071 seconds.
  path: Assets/Layer Lab/GUI-CasualFantasy/ResourcesData/Sprites/Demo/Demo_Character/SampleCharacter_Archer_l.png
  artifactKey: Guid(766dc87da77ab432194e6f6083002164) Importer(815301076,1909f56bfc062723c751e8b465ee728b)
Start importing Assets/Layer Lab/GUI-CasualFantasy/ResourcesData/Sprites/Demo/Demo_Character/SampleCharacter_Archer_l.png using Guid(766dc87da77ab432194e6f6083002164) Importer(815301076,1909f56bfc062723c751e8b465ee728b) [PhysX] Initialized MultithreadedTaskDispatcher with 16 workers.
[PhysX] Initialized MultithreadedTaskDispatcher with 16 workers.
 -> (artifact id: '0c82cdae3482e1a3f31d0500fadfb95f') in 0.013781 seconds
Number of updated asset objects reloaded before import = 0
Number of asset objects unloaded after import = 3
========================================================================
Received Import Request.
  Time since last request: 0.238425 seconds.
  path: Assets/Layer Lab/GUI-CasualFantasy/ResourcesData/Sprites/Components/Label/Label_Trapezoidal01_Teal.png
  artifactKey: Guid(6456a76058bf44f3c9afa14a5f51bc78) Importer(815301076,1909f56bfc062723c751e8b465ee728b)
Start importing Assets/Layer Lab/GUI-CasualFantasy/ResourcesData/Sprites/Components/Label/Label_Trapezoidal01_Teal.png using Guid(6456a76058bf44f3c9afa14a5f51bc78) Importer(815301076,1909f56bfc062723c751e8b465ee728b) [PhysX] Initialized MultithreadedTaskDispatcher with 16 workers.
[PhysX] Initialized MultithreadedTaskDispatcher with 16 workers.
 -> (artifact id: '72d379ab885c9c54cc5b4faced17b940') in 0.015226 seconds
Number of updated asset objects reloaded before import = 0
Number of asset objects unloaded after import = 3
========================================================================
Received Import Request.
  Time since last request: 0.000192 seconds.
  path: Assets/Layer Lab/GUI-CasualFantasy/ResourcesData/Sprites/Components/Frame/ListFrame01_f.png
  artifactKey: Guid(25e2576a3005340bc9f292697b5ed172) Importer(815301076,1909f56bfc062723c751e8b465ee728b)
Start importing Assets/Layer Lab/GUI-CasualFantasy/ResourcesData/Sprites/Components/Frame/ListFrame01_f.png using Guid(25e2576a3005340bc9f292697b5ed172) Importer(815301076,1909f56bfc062723c751e8b465ee728b) [PhysX] Initialized MultithreadedTaskDispatcher with 16 workers.
[PhysX] Initialized MultithreadedTaskDispatcher with 16 workers.
 -> (artifact id: '0b6370fed0bada5be1a0dea81859db02') in 0.017081 seconds
Number of updated asset objects reloaded before import = 0
Number of asset objects unloaded after import = 3
========================================================================
Received Import Request.
  Time since last request: 0.000019 seconds.
  path: Assets/Layer Lab/GUI-CasualFantasy/ResourcesData/Sprites/Components/Label/Label_Trapezoidal01_Red.png
  artifactKey: Guid(63da7969a0c2042478271b44e27d12de) Importer(815301076,1909f56bfc062723c751e8b465ee728b)
Start importing Assets/Layer Lab/GUI-CasualFantasy/ResourcesData/Sprites/Components/Label/Label_Trapezoidal01_Red.png using Guid(63da7969a0c2042478271b44e27d12de) Importer(815301076,1909f56bfc062723c751e8b465ee728b) [PhysX] Initialized MultithreadedTaskDispatcher with 16 workers.
[PhysX] Initialized MultithreadedTaskDispatcher with 16 workers.
 -> (artifact id: '29d6e68d9986551efcf50621768b5c38') in 0.013021 seconds
Number of updated asset objects reloaded before import = 0
Number of asset objects unloaded after import = 3
========================================================================
Received Import Request.
  Time since last request: 0.000166 seconds.
  path: Assets/Layer Lab/GUI-CasualFantasy/ResourcesData/Sprites/Components/Label/Label_Trapezoidal01_Green.png
  artifactKey: Guid(9034e6ea51d244043b411a5877e27cc6) Importer(815301076,1909f56bfc062723c751e8b465ee728b)
Start importing Assets/Layer Lab/GUI-CasualFantasy/ResourcesData/Sprites/Components/Label/Label_Trapezoidal01_Green.png using Guid(9034e6ea51d244043b411a5877e27cc6) Importer(815301076,1909f56bfc062723c751e8b465ee728b) [PhysX] Initialized MultithreadedTaskDispatcher with 16 workers.
[PhysX] Initialized MultithreadedTaskDispatcher with 16 workers.
 -> (artifact id: '83e4a82047912c576298412a16b2bb95') in 0.013731 seconds
Number of updated asset objects reloaded before import = 0
Number of asset objects unloaded after import = 3
========================================================================
Received Import Request.
  Time since last request: 0.000044 seconds.
  path: Assets/Layer Lab/GUI-CasualFantasy/ResourcesData/Sprites/Components/Label/Label_Ribbon01_Yellow.png
  artifactKey: Guid(0d6bcce8a80284b63afb025a509a6d34) Importer(815301076,1909f56bfc062723c751e8b465ee728b)
Start importing Assets/Layer Lab/GUI-CasualFantasy/ResourcesData/Sprites/Components/Label/Label_Ribbon01_Yellow.png using Guid(0d6bcce8a80284b63afb025a509a6d34) Importer(815301076,1909f56bfc062723c751e8b465ee728b) [PhysX] Initialized MultithreadedTaskDispatcher with 16 workers.
[PhysX] Initialized MultithreadedTaskDispatcher with 16 workers.
 -> (artifact id: '68ddc0610e9008e52eefa5391d7a77a6') in 0.013425 seconds
Number of updated asset objects reloaded before import = 0
Number of asset objects unloaded after import = 3
========================================================================
Received Import Request.
  Time since last request: 0.000025 seconds.
  path: Assets/Layer Lab/GUI-CasualFantasy/ResourcesData/Sprites/Components/Label/Label_SpeechBubble01_Green1.Png
  artifactKey: Guid(57398e190cf5d4465a9f8e890862a43c) Importer(815301076,1909f56bfc062723c751e8b465ee728b)
Start importing Assets/Layer Lab/GUI-CasualFantasy/ResourcesData/Sprites/Components/Label/Label_SpeechBubble01_Green1.Png using Guid(57398e190cf5d4465a9f8e890862a43c) Importer(815301076,1909f56bfc062723c751e8b465ee728b) [PhysX] Initialized MultithreadedTaskDispatcher with 16 workers.
[PhysX] Initialized MultithreadedTaskDispatcher with 16 workers.
 -> (artifact id: 'bf97e8899b3160b1008a539180d7ac7c') in 0.014903 seconds
Number of updated asset objects reloaded before import = 0
Number of asset objects unloaded after import = 3
========================================================================
Received Import Request.
  Time since last request: 0.217439 seconds.
  path: Assets/Layer Lab/GUI-CasualFantasy/ResourcesData/Sprites/Components/Label/Label_Ribbon01_Pink.png
  artifactKey: Guid(452d88534e6c944a295eadd37e40a985) Importer(815301076,1909f56bfc062723c751e8b465ee728b)
Start importing Assets/Layer Lab/GUI-CasualFantasy/ResourcesData/Sprites/Components/Label/Label_Ribbon01_Pink.png using Guid(452d88534e6c944a295eadd37e40a985) Importer(815301076,1909f56bfc062723c751e8b465ee728b) [PhysX] Initialized MultithreadedTaskDispatcher with 16 workers.
[PhysX] Initialized MultithreadedTaskDispatcher with 16 workers.
 -> (artifact id: 'f8e06531df070feae43db6da4c53049c') in 0.018908 seconds
Number of updated asset objects reloaded before import = 0
Number of asset objects unloaded after import = 3
========================================================================
Received Import Request.
  Time since last request: 0.000114 seconds.
  path: Assets/Layer Lab/GUI-CasualFantasy/ResourcesData/Sprites/Components/Label/Label_Ribbon01_LightGreen.png
  artifactKey: Guid(aae6551a421cb4bd5b9273d7dc157ce3) Importer(815301076,1909f56bfc062723c751e8b465ee728b)
Start importing Assets/Layer Lab/GUI-CasualFantasy/ResourcesData/Sprites/Components/Label/Label_Ribbon01_LightGreen.png using Guid(aae6551a421cb4bd5b9273d7dc157ce3) Importer(815301076,1909f56bfc062723c751e8b465ee728b) [PhysX] Initialized MultithreadedTaskDispatcher with 16 workers.
[PhysX] Initialized MultithreadedTaskDispatcher with 16 workers.
 -> (artifact id: 'ad270aa2bd0783c4b05c186c52b1827f') in 0.018047 seconds
Number of updated asset objects reloaded before import = 0
Number of asset objects unloaded after import = 3
========================================================================
Received Import Request.
  Time since last request: 0.000297 seconds.
  path: Assets/Layer Lab/GUI-CasualFantasy/ResourcesData/Sprites/Components/Label/Label_Ribbon01_Magenta.png
  artifactKey: Guid(12fef3c3edc0c4f08b59c1c34bc3bda8) Importer(815301076,1909f56bfc062723c751e8b465ee728b)
Start importing Assets/Layer Lab/GUI-CasualFantasy/ResourcesData/Sprites/Components/Label/Label_Ribbon01_Magenta.png using Guid(12fef3c3edc0c4f08b59c1c34bc3bda8) Importer(815301076,1909f56bfc062723c751e8b465ee728b) [PhysX] Initialized MultithreadedTaskDispatcher with 16 workers.
[PhysX] Initialized MultithreadedTaskDispatcher with 16 workers.
 -> (artifact id: '9381c6c1310a9a7bd8b4818648019248') in 0.015734 seconds
Number of updated asset objects reloaded before import = 0
Number of asset objects unloaded after import = 3
========================================================================
Received Import Request.
  Time since last request: 0.001132 seconds.
  path: Assets/Layer Lab/GUI-CasualFantasy/ResourcesData/Sprites/Components/Label/Label_Ribbon01_Gray_Deco.png
  artifactKey: Guid(321ba37caadd348509ad33ce195a9138) Importer(815301076,1909f56bfc062723c751e8b465ee728b)
Start importing Assets/Layer Lab/GUI-CasualFantasy/ResourcesData/Sprites/Components/Label/Label_Ribbon01_Gray_Deco.png using Guid(321ba37caadd348509ad33ce195a9138) Importer(815301076,1909f56bfc062723c751e8b465ee728b) [PhysX] Initialized MultithreadedTaskDispatcher with 16 workers.
[PhysX] Initialized MultithreadedTaskDispatcher with 16 workers.
 -> (artifact id: '0e964eaf62b6999e2cbafc859d51bb5b') in 0.015131 seconds
Number of updated asset objects reloaded before import = 0
Number of asset objects unloaded after import = 3
========================================================================
Received Import Request.
  Time since last request: 0.014215 seconds.
  path: Assets/Layer Lab/GUI-CasualFantasy/ResourcesData/Sprites/Components/Icon_ItemIcons/512/ItemIcon_Weapon_Axe.png
  artifactKey: Guid(d00a7f6acb31141268a2b23a57cc9503) Importer(815301076,1909f56bfc062723c751e8b465ee728b)
Start importing Assets/Layer Lab/GUI-CasualFantasy/ResourcesData/Sprites/Components/Icon_ItemIcons/512/ItemIcon_Weapon_Axe.png using Guid(d00a7f6acb31141268a2b23a57cc9503) Importer(815301076,1909f56bfc062723c751e8b465ee728b) [PhysX] Initialized MultithreadedTaskDispatcher with 16 workers.
[PhysX] Initialized MultithreadedTaskDispatcher with 16 workers.
 -> (artifact id: 'c5fca752b260c16102fd27bca3473bb9') in 0.017095 seconds
Number of updated asset objects reloaded before import = 0
Number of asset objects unloaded after import = 3
========================================================================
Received Import Request.
  Time since last request: 0.000018 seconds.
  path: Assets/Layer Lab/GUI-CasualFantasy/ResourcesData/Sprites/Components/Icon_ItemIcons/256/ItemIcon_Weapon_Bow.Png
  artifactKey: Guid(0083f191990ec4367ba7be96af15c132) Importer(815301076,1909f56bfc062723c751e8b465ee728b)
Start importing Assets/Layer Lab/GUI-CasualFantasy/ResourcesData/Sprites/Components/Icon_ItemIcons/256/ItemIcon_Weapon_Bow.Png using Guid(0083f191990ec4367ba7be96af15c132) Importer(815301076,1909f56bfc062723c751e8b465ee728b) [PhysX] Initialized MultithreadedTaskDispatcher with 16 workers.
[PhysX] Initialized MultithreadedTaskDispatcher with 16 workers.
 -> (artifact id: '49685f9b7c8dfee7197cf01d3f6ed174') in 0.015236 seconds
Number of updated asset objects reloaded before import = 0
Number of asset objects unloaded after import = 3
========================================================================
Received Import Request.
  Time since last request: 0.000091 seconds.
  path: Assets/Layer Lab/GUI-CasualFantasy/ResourcesData/Sprites/Components/Icon_ItemIcons/256/ItemIcon_Helmet.Png
  artifactKey: Guid(2bade9ed9337243ac87740e5fa8f9ec8) Importer(815301076,1909f56bfc062723c751e8b465ee728b)
Start importing Assets/Layer Lab/GUI-CasualFantasy/ResourcesData/Sprites/Components/Icon_ItemIcons/256/ItemIcon_Helmet.Png using Guid(2bade9ed9337243ac87740e5fa8f9ec8) Importer(815301076,1909f56bfc062723c751e8b465ee728b) [PhysX] Initialized MultithreadedTaskDispatcher with 16 workers.
[PhysX] Initialized MultithreadedTaskDispatcher with 16 workers.
 -> (artifact id: '09ed479873ff034d924b4d9b32f7b45f') in 0.013285 seconds
Number of updated asset objects reloaded before import = 0
Number of asset objects unloaded after import = 3
========================================================================
Received Import Request.
  Time since last request: 0.000016 seconds.
  path: Assets/Layer Lab/GUI-CasualFantasy/ResourcesData/Sprites/Components/Icon_ItemIcons/128/ItemIcon_Key.png
  artifactKey: Guid(fd05360ef231e431588a36f3d288dde4) Importer(815301076,1909f56bfc062723c751e8b465ee728b)
Start importing Assets/Layer Lab/GUI-CasualFantasy/ResourcesData/Sprites/Components/Icon_ItemIcons/128/ItemIcon_Key.png using Guid(fd05360ef231e431588a36f3d288dde4) Importer(815301076,1909f56bfc062723c751e8b465ee728b) [PhysX] Initialized MultithreadedTaskDispatcher with 16 workers.
[PhysX] Initialized MultithreadedTaskDispatcher with 16 workers.
 -> (artifact id: '16849ae502c3c128051c9020db943fba') in 0.014995 seconds
Number of updated asset objects reloaded before import = 0
Number of asset objects unloaded after import = 3
========================================================================
Received Import Request.
  Time since last request: 0.000044 seconds.
  path: Assets/Layer Lab/GUI-CasualFantasy/ResourcesData/Sprites/Components/Icon_ItemIcons/512/ItemIcon_Letter.png
  artifactKey: Guid(2ac04e9eaf4a0408cace30d8eac9840c) Importer(815301076,1909f56bfc062723c751e8b465ee728b)
Start importing Assets/Layer Lab/GUI-CasualFantasy/ResourcesData/Sprites/Components/Icon_ItemIcons/512/ItemIcon_Letter.png using Guid(2ac04e9eaf4a0408cace30d8eac9840c) Importer(815301076,1909f56bfc062723c751e8b465ee728b) [PhysX] Initialized MultithreadedTaskDispatcher with 16 workers.
[PhysX] Initialized MultithreadedTaskDispatcher with 16 workers.
 -> (artifact id: '5c428fff2cfefaf6481a5142e70f6a7d') in 0.017242 seconds
Number of updated asset objects reloaded before import = 0
Number of asset objects unloaded after import = 3
========================================================================
Received Import Request.
  Time since last request: 0.000100 seconds.
  path: Assets/Layer Lab/GUI-CasualFantasy/ResourcesData/Sprites/Components/Icon_ItemIcons/128/ItemIcon_Badge_Crown.png
  artifactKey: Guid(2d23d2f4079754fab88ef2072b21f151) Importer(815301076,1909f56bfc062723c751e8b465ee728b)
Start importing Assets/Layer Lab/GUI-CasualFantasy/ResourcesData/Sprites/Components/Icon_ItemIcons/128/ItemIcon_Badge_Crown.png using Guid(2d23d2f4079754fab88ef2072b21f151) Importer(815301076,1909f56bfc062723c751e8b465ee728b) [PhysX] Initialized MultithreadedTaskDispatcher with 16 workers.
[PhysX] Initialized MultithreadedTaskDispatcher with 16 workers.
 -> (artifact id: 'c4fe83c690c399861d4bca2ea645333f') in 0.013007 seconds
Number of updated asset objects reloaded before import = 0
Number of asset objects unloaded after import = 3
========================================================================
Received Import Request.
  Time since last request: 0.000014 seconds.
  path: Assets/Layer Lab/GUI-CasualFantasy/ResourcesData/Sprites/Components/Icon_ItemIcons/Original/Itemicon_Badge_Energy.Png
  artifactKey: Guid(ebf025637fa1f40fb9f306ac7a4132ea) Importer(815301076,1909f56bfc062723c751e8b465ee728b)
Start importing Assets/Layer Lab/GUI-CasualFantasy/ResourcesData/Sprites/Components/Icon_ItemIcons/Original/Itemicon_Badge_Energy.Png using Guid(ebf025637fa1f40fb9f306ac7a4132ea) Importer(815301076,1909f56bfc062723c751e8b465ee728b) [PhysX] Initialized MultithreadedTaskDispatcher with 16 workers.
[PhysX] Initialized MultithreadedTaskDispatcher with 16 workers.
 -> (artifact id: 'f96ba9ab18d5f1727cce98994a93cd45') in 0.015412 seconds
Number of updated asset objects reloaded before import = 0
Number of asset objects unloaded after import = 3
========================================================================
Received Import Request.
  Time since last request: 0.000038 seconds.
  path: Assets/Layer Lab/GUI-CasualFantasy/ResourcesData/Sprites/Components/IconMisc/Icon_Fire01.png
  artifactKey: Guid(110a613c97ae3473ba6a34f0d531ca80) Importer(815301076,1909f56bfc062723c751e8b465ee728b)
Start importing Assets/Layer Lab/GUI-CasualFantasy/ResourcesData/Sprites/Components/IconMisc/Icon_Fire01.png using Guid(110a613c97ae3473ba6a34f0d531ca80) Importer(815301076,1909f56bfc062723c751e8b465ee728b) [PhysX] Initialized MultithreadedTaskDispatcher with 16 workers.
[PhysX] Initialized MultithreadedTaskDispatcher with 16 workers.
 -> (artifact id: '779c7afe712699ea9f5b21ae5a0f136b') in 0.013618 seconds
Number of updated asset objects reloaded before import = 0
Number of asset objects unloaded after import = 3
========================================================================
Received Import Request.
  Time since last request: 0.000022 seconds.
  path: Assets/Layer Lab/GUI-CasualFantasy/ResourcesData/Sprites/Components/IconMisc/Icon_Fire01_256.png
  artifactKey: Guid(25c0b4c702c734cd5a814929bde71469) Importer(815301076,1909f56bfc062723c751e8b465ee728b)
Start importing Assets/Layer Lab/GUI-CasualFantasy/ResourcesData/Sprites/Components/IconMisc/Icon_Fire01_256.png using Guid(25c0b4c702c734cd5a814929bde71469) Importer(815301076,1909f56bfc062723c751e8b465ee728b) [PhysX] Initialized MultithreadedTaskDispatcher with 16 workers.
[PhysX] Initialized MultithreadedTaskDispatcher with 16 workers.
 -> (artifact id: 'e803e0c0b26343a05b074b7a8a93fcc2') in 0.012985 seconds
Number of updated asset objects reloaded before import = 0
Number of asset objects unloaded after import = 3
========================================================================
Received Import Request.
  Time since last request: 0.000278 seconds.
  path: Assets/Layer Lab/GUI-CasualFantasy/ResourcesData/Sprites/Components/Icon_ItemIcons/512/ItemIcon_Helmet.png
  artifactKey: Guid(44070e80f0c2d49ac88e47593f0da0f5) Importer(815301076,1909f56bfc062723c751e8b465ee728b)
Start importing Assets/Layer Lab/GUI-CasualFantasy/ResourcesData/Sprites/Components/Icon_ItemIcons/512/ItemIcon_Helmet.png using Guid(44070e80f0c2d49ac88e47593f0da0f5) Importer(815301076,1909f56bfc062723c751e8b465ee728b) [PhysX] Initialized MultithreadedTaskDispatcher with 16 workers.
[PhysX] Initialized MultithreadedTaskDispatcher with 16 workers.
 -> (artifact id: '1c6c5aa9ac446aaa780cd9f950a0b55b') in 0.014796 seconds
Number of updated asset objects reloaded before import = 0
Number of asset objects unloaded after import = 3
========================================================================
Received Import Request.
  Time since last request: 0.000013 seconds.
  path: Assets/Layer Lab/GUI-CasualFantasy/ResourcesData/Sprites/Components/IconMisc/Icon_Fire01_512.png
  artifactKey: Guid(393781675fedf45caa73b42273c43781) Importer(815301076,1909f56bfc062723c751e8b465ee728b)
Start importing Assets/Layer Lab/GUI-CasualFantasy/ResourcesData/Sprites/Components/IconMisc/Icon_Fire01_512.png using Guid(393781675fedf45caa73b42273c43781) Importer(815301076,1909f56bfc062723c751e8b465ee728b) [PhysX] Initialized MultithreadedTaskDispatcher with 16 workers.
[PhysX] Initialized MultithreadedTaskDispatcher with 16 workers.
 -> (artifact id: '83c94c9ec460170f27ce31571d484f38') in 0.016292 seconds
Number of updated asset objects reloaded before import = 0
Number of asset objects unloaded after import = 3
========================================================================
Received Prepare
Refreshing native plugins compatible for Editor in 12.37 ms, found 4 plugins.
Preloading 0 native plugins for Editor in 0.00 ms.
Unloading 1 Unused Serialized files (Serialized files now loaded: 0)
Unloading 2 unused Assets / (84.0 KB). Loaded Objects now: 4742.
Memory consumption went from 81.8 MB to 81.7 MB.
Total: 5.355600 ms (FindLiveObjects: 0.385900 ms CreateObjectMapping: 0.174700 ms MarkObjects: 4.738900 ms  DeleteObjects: 0.054600 ms)

Prepare: number of updated asset objects reloaded= 0
AssetImportParameters requested are different than current active one (requested -> active):
  custom:container-demuxer-ogg: 62fdf1f143b41e24485cea50d1cbac27 -> 
  custom:video-codec-MediaFoundation-h265: 746d11721c4dcdbdad8f713fa42b33f4 -> 
  custom:video-decoder-ogg-theora: a1e56fd34408186e4bbccfd4996cb3dc -> 
  custom:framework-win-MediaFoundation: 216162199b28c13a410421893ffa2e32 -> 
  custom:CustomObjectIndexerAttribute: 9a22284fe3817be447336de3de66b15e -> 
  custom:container-demuxer-webm: 4f35f7cbe854078d1ac9338744f61a02 -> 
  custom:container-muxer-webm: aa71ff27fc2769a1b78a27578f13a17b -> 
  custom:video-decoder-webm-vp8: 9c59270c3fd7afecdb556c50c9e8de78 -> 
  custom:SearchIndexIgnoredProperties: e643bd26f0fe6173181afceb89e7c659 -> 
  custom:AudioImporter_EditorPlatform: d09bf68614088b80899f8185d706f6e7 -> 
  custom:video-encoder-webm-vp8: eb34c28f22e8b96e1ab97ce403110664 -> 
  custom:audio-decoder-ogg-vorbis: bf7c407c2cedff20999df2af8eb42d56 -> 
  custom:audio-encoder-webm-vorbis: bf7c407c2cedff20999df2af8eb42d56 -> 
========================================================================
Received Prepare
Refreshing native plugins compatible for Editor in 5.16 ms, found 4 plugins.
Preloading 0 native plugins for Editor in 0.00 ms.
Unloading 2 Unused Serialized files (Serialized files now loaded: 0)
Unloading 2 unused Assets / (86.2 KB). Loaded Objects now: 4742.
Memory consumption went from 82.1 MB to 82.0 MB.
Total: 5.239000 ms (FindLiveObjects: 0.306200 ms CreateObjectMapping: 0.149500 ms MarkObjects: 4.729200 ms  DeleteObjects: 0.052600 ms)

Prepare: number of updated asset objects reloaded= 0
AssetImportParameters requested are different than current active one (requested -> active):
  custom:container-demuxer-ogg: 62fdf1f143b41e24485cea50d1cbac27 -> 
  custom:video-codec-MediaFoundation-h265: 746d11721c4dcdbdad8f713fa42b33f4 -> 
  custom:video-decoder-ogg-theora: a1e56fd34408186e4bbccfd4996cb3dc -> 
  custom:framework-win-MediaFoundation: 216162199b28c13a410421893ffa2e32 -> 
  custom:CustomObjectIndexerAttribute: 9a22284fe3817be447336de3de66b15e -> 
  custom:container-demuxer-webm: 4f35f7cbe854078d1ac9338744f61a02 -> 
  custom:container-muxer-webm: aa71ff27fc2769a1b78a27578f13a17b -> 
  custom:video-decoder-webm-vp8: 9c59270c3fd7afecdb556c50c9e8de78 -> 
  custom:SearchIndexIgnoredProperties: e643bd26f0fe6173181afceb89e7c659 -> 
  custom:AudioImporter_EditorPlatform: d09bf68614088b80899f8185d706f6e7 -> 
  custom:video-encoder-webm-vp8: eb34c28f22e8b96e1ab97ce403110664 -> 
  custom:audio-decoder-ogg-vorbis: bf7c407c2cedff20999df2af8eb42d56 -> 
  custom:audio-encoder-webm-vorbis: bf7c407c2cedff20999df2af8eb42d56 -> 
========================================================================
Received Prepare
Refreshing native plugins compatible for Editor in 4.26 ms, found 4 plugins.
Preloading 0 native plugins for Editor in 0.00 ms.
Unloading 2 Unused Serialized files (Serialized files now loaded: 0)
Unloading 2 unused Assets / (86.2 KB). Loaded Objects now: 4742.
Memory consumption went from 82.1 MB to 82.0 MB.
Total: 4.827000 ms (FindLiveObjects: 0.290400 ms CreateObjectMapping: 0.132800 ms MarkObjects: 4.249100 ms  DeleteObjects: 0.153400 ms)

Prepare: number of updated asset objects reloaded= 0
AssetImportParameters requested are different than current active one (requested -> active):
  custom:container-demuxer-ogg: 62fdf1f143b41e24485cea50d1cbac27 -> 
  custom:video-codec-MediaFoundation-h265: 746d11721c4dcdbdad8f713fa42b33f4 -> 
  custom:video-decoder-ogg-theora: a1e56fd34408186e4bbccfd4996cb3dc -> 
  custom:framework-win-MediaFoundation: 216162199b28c13a410421893ffa2e32 -> 
  custom:CustomObjectIndexerAttribute: 9a22284fe3817be447336de3de66b15e -> 
  custom:container-demuxer-webm: 4f35f7cbe854078d1ac9338744f61a02 -> 
  custom:container-muxer-webm: aa71ff27fc2769a1b78a27578f13a17b -> 
  custom:video-decoder-webm-vp8: 9c59270c3fd7afecdb556c50c9e8de78 -> 
  custom:SearchIndexIgnoredProperties: e643bd26f0fe6173181afceb89e7c659 -> 
  custom:AudioImporter_EditorPlatform: d09bf68614088b80899f8185d706f6e7 -> 
  custom:video-encoder-webm-vp8: eb34c28f22e8b96e1ab97ce403110664 -> 
  custom:audio-decoder-ogg-vorbis: bf7c407c2cedff20999df2af8eb42d56 -> 
  custom:audio-encoder-webm-vorbis: bf7c407c2cedff20999df2af8eb42d56 -> 
