Using pre-set license
Built from '2022.3/staging' branch; Version is '2022.3.56f1 (dd0c98481d00) revision 14486680'; Using compiler version '192829333'; Build Type 'Release'
OS: 'Windows 11  (10.0.26100) 64bit Professional' Language: 'tr' Physical Memory: 14029 MB
BatchMode: 1, IsHumanControllingUs: 0, StartBugReporterOnCrash: 0, Is64bit: 1, IsPro: 1

COMMAND LINE ARGUMENTS:
C:\Program Files\Unity\Hub\Editor\2022.3.56f1\Editor\Unity.exe
-adb2
-batchMode
-noUpm
-name
AssetImportWorker1
-projectPath
C:/Users/Selim/FlappyBird
-logFile
Logs/AssetImportWorker1.log
-srvPort
56374
Successfully changed project path to: C:/Users/Selim/FlappyBird
C:/Users/Selim/FlappyBird
[UnityMemory] Configuration Parameters - Can be set up in boot.config
    "memorysetup-bucket-allocator-granularity=16"
    "memorysetup-bucket-allocator-bucket-count=8"
    "memorysetup-bucket-allocator-block-size=33554432"
    "memorysetup-bucket-allocator-block-count=8"
    "memorysetup-main-allocator-block-size=16777216"
    "memorysetup-thread-allocator-block-size=16777216"
    "memorysetup-gfx-main-allocator-block-size=16777216"
    "memorysetup-gfx-thread-allocator-block-size=16777216"
    "memorysetup-cache-allocator-block-size=4194304"
    "memorysetup-typetree-allocator-block-size=2097152"
    "memorysetup-profiler-bucket-allocator-granularity=16"
    "memorysetup-profiler-bucket-allocator-bucket-count=8"
    "memorysetup-profiler-bucket-allocator-block-size=33554432"
    "memorysetup-profiler-bucket-allocator-block-count=8"
    "memorysetup-profiler-allocator-block-size=16777216"
    "memorysetup-profiler-editor-allocator-block-size=1048576"
    "memorysetup-temp-allocator-size-main=16777216"
    "memorysetup-job-temp-allocator-block-size=2097152"
    "memorysetup-job-temp-allocator-block-size-background=1048576"
    "memorysetup-job-temp-allocator-reduction-small-platforms=262144"
    "memorysetup-allocator-temp-initial-block-size-main=262144"
    "memorysetup-allocator-temp-initial-block-size-worker=262144"
    "memorysetup-temp-allocator-size-background-worker=32768"
    "memorysetup-temp-allocator-size-job-worker=262144"
    "memorysetup-temp-allocator-size-preload-manager=33554432"
    "memorysetup-temp-allocator-size-nav-mesh-worker=65536"
    "memorysetup-temp-allocator-size-audio-worker=65536"
    "memorysetup-temp-allocator-size-cloud-worker=32768"
    "memorysetup-temp-allocator-size-gi-baking-worker=262144"
    "memorysetup-temp-allocator-size-gfx=262144"
Player connection [32716]  Target information:

Player connection [32716]  * "[IP] 192.168.1.75 [Port] 0 [Flags] 2 [Guid] 2318409504 [EditorId] 2318409504 [Version] 1048832 [Id] WindowsEditor(7,DESKTOP-183KJSS) [Debug] 1 [PackageName] WindowsEditor [ProjectName] Editor" 

Player connection [32716] Host joined multi-casting on [225.0.0.222:54997]...
Player connection [32716] Host joined alternative multi-casting on [225.0.0.222:34997]...
Input System module state changed to: Initialized.
[PhysX] Initialized MultithreadedTaskDispatcher with 16 workers.
Refreshing native plugins compatible for Editor in 15.15 ms, found 4 plugins.
Preloading 0 native plugins for Editor in 0.00 ms.
Initialize engine version: 2022.3.56f1 (dd0c98481d00)
[Subsystems] Discovering subsystems at path C:/Program Files/Unity/Hub/Editor/2022.3.56f1/Editor/Data/Resources/UnitySubsystems
[Subsystems] Discovering subsystems at path C:/Users/Selim/FlappyBird/Assets
GfxDevice: creating device client; threaded=0; jobified=0
Direct3D:
    Version:  Direct3D 11.0 [level 11.1]
    Renderer: NVIDIA GeForce RTX 4050 Laptop GPU (ID=0x28a1)
    Vendor:   NVIDIA
    VRAM:     5921 MB
    Driver:   32.0.15.7602
Initialize mono
Mono path[0] = 'C:/Program Files/Unity/Hub/Editor/2022.3.56f1/Editor/Data/Managed'
Mono path[1] = 'C:/Program Files/Unity/Hub/Editor/2022.3.56f1/Editor/Data/MonoBleedingEdge/lib/mono/unityjit-win32'
Mono config path = 'C:/Program Files/Unity/Hub/Editor/2022.3.56f1/Editor/Data/MonoBleedingEdge/etc'
Using monoOptions --debugger-agent=transport=dt_socket,embedding=1,server=y,suspend=n,address=127.0.0.1:56744
Begin MonoManager ReloadAssembly
Registering precompiled unity dll's ...
Register platform support module: C:/Program Files/Unity/Hub/Editor/2022.3.56f1/Editor/Data/PlaybackEngines/WebGLSupport/UnityEditor.WebGL.Extensions.dll
Register platform support module: C:/Program Files/Unity/Hub/Editor/2022.3.56f1/Editor/Data/PlaybackEngines/WindowsStandaloneSupport/UnityEditor.WindowsStandalone.Extensions.dll
Registered in 0.004526 seconds.
- Loaded All Assemblies, in  0.277 seconds
Native extension for WindowsStandalone target not found
Native extension for WebGL target not found
Mono: successfully reloaded assembly
- Finished resetting the current domain, in  0.227 seconds
Domain Reload Profiling: 503ms
	BeginReloadAssembly (91ms)
		ExecutionOrderSort (0ms)
		DisableScriptedObjects (0ms)
		BackupInstance (0ms)
		ReleaseScriptingObjects (0ms)
		CreateAndSetChildDomain (1ms)
	RebuildCommonClasses (25ms)
	RebuildNativeTypeToScriptingClass (7ms)
	initialDomainReloadingComplete (42ms)
	LoadAllAssembliesAndSetupDomain (110ms)
		LoadAssemblies (89ms)
		RebuildTransferFunctionScriptingTraits (0ms)
		AnalyzeDomain (108ms)
			TypeCache.Refresh (106ms)
				TypeCache.ScanAssembly (96ms)
			ScanForSourceGeneratedMonoScriptInfo (0ms)
			ResolveRequiredComponents (1ms)
	FinalizeReload (227ms)
		ReleaseScriptCaches (0ms)
		RebuildScriptCaches (0ms)
		SetupLoadedEditorAssemblies (185ms)
			LogAssemblyErrors (0ms)
			InitializePlatformSupportModulesInManaged (8ms)
			SetLoadedEditorAssemblies (4ms)
			RefreshPlugins (0ms)
			BeforeProcessingInitializeOnLoad (2ms)
			ProcessInitializeOnLoadAttributes (129ms)
			ProcessInitializeOnLoadMethodAttributes (42ms)
			AfterProcessingInitializeOnLoad (0ms)
			EditorAssembliesLoaded (0ms)
		ExecutionOrderSort2 (0ms)
		AwakeInstancesAfterBackupRestoration (0ms)
========================================================================
Worker process is ready to serve import requests
Caller must complete domain reload
Begin MonoManager ReloadAssembly
- Loaded All Assemblies, in  0.517 seconds
Native extension for WindowsStandalone target not found
Native extension for WebGL target not found
Mono: successfully reloaded assembly
- Finished resetting the current domain, in  0.643 seconds
Domain Reload Profiling: 1158ms
	BeginReloadAssembly (119ms)
		ExecutionOrderSort (0ms)
		DisableScriptedObjects (4ms)
		BackupInstance (0ms)
		ReleaseScriptingObjects (0ms)
		CreateAndSetChildDomain (16ms)
	RebuildCommonClasses (26ms)
	RebuildNativeTypeToScriptingClass (8ms)
	initialDomainReloadingComplete (36ms)
	LoadAllAssembliesAndSetupDomain (326ms)
		LoadAssemblies (257ms)
		RebuildTransferFunctionScriptingTraits (0ms)
		AnalyzeDomain (135ms)
			TypeCache.Refresh (115ms)
				TypeCache.ScanAssembly (103ms)
			ScanForSourceGeneratedMonoScriptInfo (15ms)
			ResolveRequiredComponents (5ms)
	FinalizeReload (643ms)
		ReleaseScriptCaches (0ms)
		RebuildScriptCaches (0ms)
		SetupLoadedEditorAssemblies (529ms)
			LogAssemblyErrors (0ms)
			InitializePlatformSupportModulesInManaged (17ms)
			SetLoadedEditorAssemblies (6ms)
			RefreshPlugins (0ms)
			BeforeProcessingInitializeOnLoad (55ms)
			ProcessInitializeOnLoadAttributes (419ms)
			ProcessInitializeOnLoadMethodAttributes (28ms)
			AfterProcessingInitializeOnLoad (3ms)
			EditorAssembliesLoaded (0ms)
		ExecutionOrderSort2 (0ms)
		AwakeInstancesAfterBackupRestoration (4ms)
Launched and connected shader compiler UnityShaderCompiler.exe after 0.08 seconds
Refreshing native plugins compatible for Editor in 4.39 ms, found 4 plugins.
Preloading 0 native plugins for Editor in 0.00 ms.
Unloading 4170 Unused Serialized files (Serialized files now loaded: 0)
Unloading 45 unused Assets / (140.3 KB). Loaded Objects now: 4639.
Memory consumption went from 147.1 MB to 147.0 MB.
Total: 3.767400 ms (FindLiveObjects: 0.446800 ms CreateObjectMapping: 0.199100 ms MarkObjects: 2.970300 ms  DeleteObjects: 0.149600 ms)

AssetImportParameters requested are different than current active one (requested -> active):
  custom:container-demuxer-ogg: 62fdf1f143b41e24485cea50d1cbac27 -> 
  custom:video-codec-MediaFoundation-h265: 746d11721c4dcdbdad8f713fa42b33f4 -> 
  custom:video-decoder-ogg-theora: a1e56fd34408186e4bbccfd4996cb3dc -> 
  custom:framework-win-MediaFoundation: 216162199b28c13a410421893ffa2e32 -> 
  custom:CustomObjectIndexerAttribute: 9a22284fe3817be447336de3de66b15e -> 
  custom:container-demuxer-webm: 4f35f7cbe854078d1ac9338744f61a02 -> 
  custom:container-muxer-webm: aa71ff27fc2769a1b78a27578f13a17b -> 
  custom:video-decoder-webm-vp8: 9c59270c3fd7afecdb556c50c9e8de78 -> 
  custom:SearchIndexIgnoredProperties: e643bd26f0fe6173181afceb89e7c659 -> 
  custom:AudioImporter_EditorPlatform: d09bf68614088b80899f8185d706f6e7 -> 
  custom:video-encoder-webm-vp8: eb34c28f22e8b96e1ab97ce403110664 -> 
  custom:audio-decoder-ogg-vorbis: bf7c407c2cedff20999df2af8eb42d56 -> 
  custom:audio-encoder-webm-vorbis: bf7c407c2cedff20999df2af8eb42d56 -> 
========================================================================
Received Import Request.
  Time since last request: 476310.288055 seconds.
  path: Assets/Layer Lab/GUI-CasualFantasy/Preview/05_Character_Purple.png
  artifactKey: Guid(82b333bda2fda43f1ab8658f6cdd254d) Importer(815301076,1909f56bfc062723c751e8b465ee728b)
Start importing Assets/Layer Lab/GUI-CasualFantasy/Preview/05_Character_Purple.png using Guid(82b333bda2fda43f1ab8658f6cdd254d) Importer(815301076,1909f56bfc062723c751e8b465ee728b) [PhysX] Initialized MultithreadedTaskDispatcher with 16 workers.
[PhysX] Initialized MultithreadedTaskDispatcher with 16 workers.
 -> (artifact id: 'e0b0d49e1f53a9cfee1bfc791b85c65c') in 0.127377 seconds
Number of updated asset objects reloaded before import = 0
Number of asset objects unloaded after import = 3
========================================================================
Received Import Request.
  Time since last request: 0.000024 seconds.
  path: Assets/Layer Lab/GUI-CasualFantasy/ResourcesData/Sprites/Components/Button/Button_Square05_Demo_f.png
  artifactKey: Guid(ec54ea78b696e4906b4c2fba7cd1b22f) Importer(815301076,1909f56bfc062723c751e8b465ee728b)
Start importing Assets/Layer Lab/GUI-CasualFantasy/ResourcesData/Sprites/Components/Button/Button_Square05_Demo_f.png using Guid(ec54ea78b696e4906b4c2fba7cd1b22f) Importer(815301076,1909f56bfc062723c751e8b465ee728b) [PhysX] Initialized MultithreadedTaskDispatcher with 16 workers.
[PhysX] Initialized MultithreadedTaskDispatcher with 16 workers.
 -> (artifact id: '4c689821a2d2ad18a3061c4ffb6bcc22') in 0.023063 seconds
Number of updated asset objects reloaded before import = 0
Number of asset objects unloaded after import = 3
========================================================================
Received Import Request.
  Time since last request: 0.000034 seconds.
  path: Assets/Layer Lab/GUI-CasualFantasy/ResourcesData/Sprites/Components/IconMisc/Icon_Add02.png
  artifactKey: Guid(ffeafc38fb0654eb78d14da1ee37e496) Importer(815301076,1909f56bfc062723c751e8b465ee728b)
Start importing Assets/Layer Lab/GUI-CasualFantasy/ResourcesData/Sprites/Components/IconMisc/Icon_Add02.png using Guid(ffeafc38fb0654eb78d14da1ee37e496) Importer(815301076,1909f56bfc062723c751e8b465ee728b) [PhysX] Initialized MultithreadedTaskDispatcher with 16 workers.
[PhysX] Initialized MultithreadedTaskDispatcher with 16 workers.
 -> (artifact id: '8f3358a530e28cdde59d463e73599ee4') in 0.022300 seconds
Number of updated asset objects reloaded before import = 0
Number of asset objects unloaded after import = 3
========================================================================
Received Import Request.
  Time since last request: 0.000048 seconds.
  path: Assets/Layer Lab/GUI-CasualFantasy/ResourcesData/Sprites/Components/IconMisc/Icon_Heart03.png
  artifactKey: Guid(175cd805e051f41a0ab62c256413ebff) Importer(815301076,1909f56bfc062723c751e8b465ee728b)
Start importing Assets/Layer Lab/GUI-CasualFantasy/ResourcesData/Sprites/Components/IconMisc/Icon_Heart03.png using Guid(175cd805e051f41a0ab62c256413ebff) Importer(815301076,1909f56bfc062723c751e8b465ee728b) [PhysX] Initialized MultithreadedTaskDispatcher with 16 workers.
[PhysX] Initialized MultithreadedTaskDispatcher with 16 workers.
 -> (artifact id: '62f76c50f3cfe3d49bfe3c73bab56885') in 0.021665 seconds
Number of updated asset objects reloaded before import = 0
Number of asset objects unloaded after import = 3
========================================================================
Received Import Request.
  Time since last request: 0.000065 seconds.
  path: Assets/Layer Lab/GUI-CasualFantasy/ResourcesData/Sprites/Components/IconMisc/Icon_Home.png
  artifactKey: Guid(b20473ecf58974c5abcf4763251e3acf) Importer(815301076,1909f56bfc062723c751e8b465ee728b)
Start importing Assets/Layer Lab/GUI-CasualFantasy/ResourcesData/Sprites/Components/IconMisc/Icon_Home.png using Guid(b20473ecf58974c5abcf4763251e3acf) Importer(815301076,1909f56bfc062723c751e8b465ee728b) [PhysX] Initialized MultithreadedTaskDispatcher with 16 workers.
[PhysX] Initialized MultithreadedTaskDispatcher with 16 workers.
 -> (artifact id: '78053d0be0c444938adcbe509cb4ee28') in 0.020990 seconds
Number of updated asset objects reloaded before import = 0
Number of asset objects unloaded after import = 3
========================================================================
Received Import Request.
  Time since last request: 0.000023 seconds.
  path: Assets/Layer Lab/GUI-CasualFantasy/ResourcesData/Sprites/Components/IconMisc/Icon_Skip.png
  artifactKey: Guid(5cac605d91a2a46e4826c2b3846d1b14) Importer(815301076,1909f56bfc062723c751e8b465ee728b)
Start importing Assets/Layer Lab/GUI-CasualFantasy/ResourcesData/Sprites/Components/IconMisc/Icon_Skip.png using Guid(5cac605d91a2a46e4826c2b3846d1b14) Importer(815301076,1909f56bfc062723c751e8b465ee728b) [PhysX] Initialized MultithreadedTaskDispatcher with 16 workers.
[PhysX] Initialized MultithreadedTaskDispatcher with 16 workers.
 -> (artifact id: 'ad321af828beb4d75fb5ebf19bd1d45c') in 0.019345 seconds
Number of updated asset objects reloaded before import = 0
Number of asset objects unloaded after import = 3
========================================================================
Received Import Request.
  Time since last request: 0.000024 seconds.
  path: Assets/Layer Lab/GUI-CasualFantasy/ResourcesData/Sprites/Components/Icon_ItemIcons/512/ItemIcon_Coin.png
  artifactKey: Guid(9b2bc0b2a45c14f1cad7b6f4a7dbcaca) Importer(815301076,1909f56bfc062723c751e8b465ee728b)
Start importing Assets/Layer Lab/GUI-CasualFantasy/ResourcesData/Sprites/Components/Icon_ItemIcons/512/ItemIcon_Coin.png using Guid(9b2bc0b2a45c14f1cad7b6f4a7dbcaca) Importer(815301076,1909f56bfc062723c751e8b465ee728b) [PhysX] Initialized MultithreadedTaskDispatcher with 16 workers.
[PhysX] Initialized MultithreadedTaskDispatcher with 16 workers.
 -> (artifact id: '773738f7ff406c441581361b19cf046f') in 0.023363 seconds
Number of updated asset objects reloaded before import = 0
Number of asset objects unloaded after import = 3
========================================================================
Received Import Request.
  Time since last request: 0.000182 seconds.
  path: Assets/Layer Lab/GUI-CasualFantasy/ResourcesData/Sprites/Components/IconMisc/Icon_Skull03.Png
  artifactKey: Guid(d77571e140f0144daaad2a7e4ba19c7c) Importer(815301076,1909f56bfc062723c751e8b465ee728b)
Start importing Assets/Layer Lab/GUI-CasualFantasy/ResourcesData/Sprites/Components/IconMisc/Icon_Skull03.Png using Guid(d77571e140f0144daaad2a7e4ba19c7c) Importer(815301076,1909f56bfc062723c751e8b465ee728b) [PhysX] Initialized MultithreadedTaskDispatcher with 16 workers.
[PhysX] Initialized MultithreadedTaskDispatcher with 16 workers.
 -> (artifact id: '26ce4ac2ae8e211a009d0ea720e05e41') in 0.023399 seconds
Number of updated asset objects reloaded before import = 0
Number of asset objects unloaded after import = 3
========================================================================
Received Import Request.
  Time since last request: 0.000088 seconds.
  path: Assets/Layer Lab/GUI-CasualFantasy/ResourcesData/Sprites/Components/Icon_ItemIcons/Original/Itemicon_Skull01.Png
  artifactKey: Guid(77d6973b568064720a218b0c6a2a4e73) Importer(815301076,1909f56bfc062723c751e8b465ee728b)
Start importing Assets/Layer Lab/GUI-CasualFantasy/ResourcesData/Sprites/Components/Icon_ItemIcons/Original/Itemicon_Skull01.Png using Guid(77d6973b568064720a218b0c6a2a4e73) Importer(815301076,1909f56bfc062723c751e8b465ee728b) [PhysX] Initialized MultithreadedTaskDispatcher with 16 workers.
[PhysX] Initialized MultithreadedTaskDispatcher with 16 workers.
 -> (artifact id: 'a96f805109321e0f86ad0521fb4b313b') in 0.021706 seconds
Number of updated asset objects reloaded before import = 0
Number of asset objects unloaded after import = 3
========================================================================
Received Import Request.
  Time since last request: 0.000016 seconds.
  path: Assets/Layer Lab/GUI-CasualFantasy/ResourcesData/Sprites/Components/Label/Label_Ribbon01_Rose.png
  artifactKey: Guid(865e81a26f7b7454aabd0efe1cec1c38) Importer(815301076,1909f56bfc062723c751e8b465ee728b)
Start importing Assets/Layer Lab/GUI-CasualFantasy/ResourcesData/Sprites/Components/Label/Label_Ribbon01_Rose.png using Guid(865e81a26f7b7454aabd0efe1cec1c38) Importer(815301076,1909f56bfc062723c751e8b465ee728b) [PhysX] Initialized MultithreadedTaskDispatcher with 16 workers.
[PhysX] Initialized MultithreadedTaskDispatcher with 16 workers.
 -> (artifact id: 'd52929f3b18459c57a088fbdd76ed096') in 0.021604 seconds
Number of updated asset objects reloaded before import = 0
Number of asset objects unloaded after import = 3
========================================================================
Received Import Request.
  Time since last request: 0.000057 seconds.
  path: Assets/Layer Lab/GUI-CasualFantasy/ResourcesData/Sprites/Components/Label/Label_Ribbon01_Teal_Deco.png
  artifactKey: Guid(d7acf14beeccd4e748f8b17cc8e2bc30) Importer(815301076,1909f56bfc062723c751e8b465ee728b)
Start importing Assets/Layer Lab/GUI-CasualFantasy/ResourcesData/Sprites/Components/Label/Label_Ribbon01_Teal_Deco.png using Guid(d7acf14beeccd4e748f8b17cc8e2bc30) Importer(815301076,1909f56bfc062723c751e8b465ee728b) [PhysX] Initialized MultithreadedTaskDispatcher with 16 workers.
[PhysX] Initialized MultithreadedTaskDispatcher with 16 workers.
 -> (artifact id: 'f41cf928d98922bba55950aaea8003b1') in 0.020428 seconds
Number of updated asset objects reloaded before import = 0
Number of asset objects unloaded after import = 3
========================================================================
Received Import Request.
  Time since last request: 0.000021 seconds.
  path: Assets/Layer Lab/GUI-CasualFantasy/ResourcesData/Sprites/Components/Icon_ItemIcons/Original/Itemicon_Coin.Png
  artifactKey: Guid(53a92cf01a86841748c10bd35fd2e74a) Importer(815301076,1909f56bfc062723c751e8b465ee728b)
Start importing Assets/Layer Lab/GUI-CasualFantasy/ResourcesData/Sprites/Components/Icon_ItemIcons/Original/Itemicon_Coin.Png using Guid(53a92cf01a86841748c10bd35fd2e74a) Importer(815301076,1909f56bfc062723c751e8b465ee728b) [PhysX] Initialized MultithreadedTaskDispatcher with 16 workers.
[PhysX] Initialized MultithreadedTaskDispatcher with 16 workers.
 -> (artifact id: '2deed6b28745dfcfa42b7029095afe29') in 0.021535 seconds
Number of updated asset objects reloaded before import = 0
Number of asset objects unloaded after import = 3
========================================================================
Received Import Request.
  Time since last request: 0.000024 seconds.
  path: Assets/Layer Lab/GUI-CasualFantasy/ResourcesData/Sprites/Components/Slider/Slider_Basic01_Bg.Png
  artifactKey: Guid(13c73c16ccdc94217a92e8ae0a1aa106) Importer(815301076,1909f56bfc062723c751e8b465ee728b)
Start importing Assets/Layer Lab/GUI-CasualFantasy/ResourcesData/Sprites/Components/Slider/Slider_Basic01_Bg.Png using Guid(13c73c16ccdc94217a92e8ae0a1aa106) Importer(815301076,1909f56bfc062723c751e8b465ee728b) [PhysX] Initialized MultithreadedTaskDispatcher with 16 workers.
[PhysX] Initialized MultithreadedTaskDispatcher with 16 workers.
 -> (artifact id: 'fad0df49fd97e3ece1d6c5fc3f40d853') in 0.019096 seconds
Number of updated asset objects reloaded before import = 0
Number of asset objects unloaded after import = 3
========================================================================
Received Import Request.
  Time since last request: 0.000032 seconds.
  path: Assets/Layer Lab/GUI-CasualFantasy/ResourcesData/Sprites/Components/Slider/Slider_Diagonal51_Demo_Icon.png
  artifactKey: Guid(8dda2ab87d04f4456a6c00a75c2ac85d) Importer(815301076,1909f56bfc062723c751e8b465ee728b)
Start importing Assets/Layer Lab/GUI-CasualFantasy/ResourcesData/Sprites/Components/Slider/Slider_Diagonal51_Demo_Icon.png using Guid(8dda2ab87d04f4456a6c00a75c2ac85d) Importer(815301076,1909f56bfc062723c751e8b465ee728b) [PhysX] Initialized MultithreadedTaskDispatcher with 16 workers.
[PhysX] Initialized MultithreadedTaskDispatcher with 16 workers.
 -> (artifact id: 'd9758f0aff37ddc39ea21c7864a61457') in 0.021474 seconds
Number of updated asset objects reloaded before import = 0
Number of asset objects unloaded after import = 3
========================================================================
Received Import Request.
  Time since last request: 0.000022 seconds.
  path: Assets/Layer Lab/GUI-CasualFantasy/ResourcesData/Sprites/Components/Slider/Slider_Diagonal51_White_Fill.png
  artifactKey: Guid(863ebad7290724e729405560db4b5bfa) Importer(815301076,1909f56bfc062723c751e8b465ee728b)
Start importing Assets/Layer Lab/GUI-CasualFantasy/ResourcesData/Sprites/Components/Slider/Slider_Diagonal51_White_Fill.png using Guid(863ebad7290724e729405560db4b5bfa) Importer(815301076,1909f56bfc062723c751e8b465ee728b) [PhysX] Initialized MultithreadedTaskDispatcher with 16 workers.
[PhysX] Initialized MultithreadedTaskDispatcher with 16 workers.
 -> (artifact id: 'cb57fec3b2163b4580d4cb3edd46c817') in 0.022232 seconds
Number of updated asset objects reloaded before import = 0
Number of asset objects unloaded after import = 3
========================================================================
Received Import Request.
  Time since last request: 0.000022 seconds.
  path: Assets/Layer Lab/GUI-CasualFantasy/ResourcesData/Sprites/Components/UI_Etc/Toggle01_White_Off.png
  artifactKey: Guid(7cdf7e77407074bd1a6157aa19871da6) Importer(815301076,1909f56bfc062723c751e8b465ee728b)
Start importing Assets/Layer Lab/GUI-CasualFantasy/ResourcesData/Sprites/Components/UI_Etc/Toggle01_White_Off.png using Guid(7cdf7e77407074bd1a6157aa19871da6) Importer(815301076,1909f56bfc062723c751e8b465ee728b) [PhysX] Initialized MultithreadedTaskDispatcher with 16 workers.
[PhysX] Initialized MultithreadedTaskDispatcher with 16 workers.
 -> (artifact id: 'f7d34509b0e279816dbfe998f591eb7e') in 0.022540 seconds
Number of updated asset objects reloaded before import = 0
Number of asset objects unloaded after import = 3
========================================================================
Received Import Request.
  Time since last request: 0.000022 seconds.
  path: Assets/Layer Lab/GUI-CasualFantasy/ResourcesData/Sprites/Components/Slider/Slider_Diagonal70_Demo_Bg.png
  artifactKey: Guid(57ed36a2aeda6456a85b387c4cde67c8) Importer(815301076,1909f56bfc062723c751e8b465ee728b)
Start importing Assets/Layer Lab/GUI-CasualFantasy/ResourcesData/Sprites/Components/Slider/Slider_Diagonal70_Demo_Bg.png using Guid(57ed36a2aeda6456a85b387c4cde67c8) Importer(815301076,1909f56bfc062723c751e8b465ee728b) [PhysX] Initialized MultithreadedTaskDispatcher with 16 workers.
[PhysX] Initialized MultithreadedTaskDispatcher with 16 workers.
 -> (artifact id: 'b16bfeee9dd9e201681f9aa496bfe6b3') in 0.021591 seconds
Number of updated asset objects reloaded before import = 0
Number of asset objects unloaded after import = 3
========================================================================
Received Import Request.
  Time since last request: 0.000023 seconds.
  path: Assets/Layer Lab/GUI-CasualFantasy/ResourcesData/Sprites/Components/UI_Etc/Toggle01_Demo_On.Png
  artifactKey: Guid(ca8e8ead4e5ed437e9e9bf62aa1b69c0) Importer(815301076,1909f56bfc062723c751e8b465ee728b)
Start importing Assets/Layer Lab/GUI-CasualFantasy/ResourcesData/Sprites/Components/UI_Etc/Toggle01_Demo_On.Png using Guid(ca8e8ead4e5ed437e9e9bf62aa1b69c0) Importer(815301076,1909f56bfc062723c751e8b465ee728b) [PhysX] Initialized MultithreadedTaskDispatcher with 16 workers.
[PhysX] Initialized MultithreadedTaskDispatcher with 16 workers.
 -> (artifact id: '7e5622a8fc58cfa9133734bc0b27f308') in 0.021664 seconds
Number of updated asset objects reloaded before import = 0
Number of asset objects unloaded after import = 3
========================================================================
Received Import Request.
  Time since last request: 0.000024 seconds.
  path: Assets/Layer Lab/GUI-CasualFantasy/ResourcesData/Sprites/Components/Slider/Slider_Diagonal51_White_Icon.png
  artifactKey: Guid(8e44a849f81db44c0bcc33746c282d47) Importer(815301076,1909f56bfc062723c751e8b465ee728b)
Start importing Assets/Layer Lab/GUI-CasualFantasy/ResourcesData/Sprites/Components/Slider/Slider_Diagonal51_White_Icon.png using Guid(8e44a849f81db44c0bcc33746c282d47) Importer(815301076,1909f56bfc062723c751e8b465ee728b) [PhysX] Initialized MultithreadedTaskDispatcher with 16 workers.
[PhysX] Initialized MultithreadedTaskDispatcher with 16 workers.
 -> (artifact id: '6dc8e68239fbdeec05b349420e6eb82a') in 0.023483 seconds
Number of updated asset objects reloaded before import = 0
Number of asset objects unloaded after import = 3
========================================================================
Received Import Request.
  Time since last request: 0.000076 seconds.
  path: Assets/Layer Lab/GUI-CasualFantasy/ResourcesData/Sprites/Components/Icon_ItemIcons/512/ItemIcon_Crown.png
  artifactKey: Guid(17b59d7df41ca48dd83a67d80ae4db9e) Importer(815301076,1909f56bfc062723c751e8b465ee728b)
Start importing Assets/Layer Lab/GUI-CasualFantasy/ResourcesData/Sprites/Components/Icon_ItemIcons/512/ItemIcon_Crown.png using Guid(17b59d7df41ca48dd83a67d80ae4db9e) Importer(815301076,1909f56bfc062723c751e8b465ee728b) [PhysX] Initialized MultithreadedTaskDispatcher with 16 workers.
[PhysX] Initialized MultithreadedTaskDispatcher with 16 workers.
 -> (artifact id: '4a028ea4ad91f14d76112318384a77a6') in 0.025294 seconds
Number of updated asset objects reloaded before import = 0
Number of asset objects unloaded after import = 3
========================================================================
Received Import Request.
  Time since last request: 0.764568 seconds.
  path: Assets/Layer Lab/GUI-CasualFantasy/ResourcesData/Sprites/Components/UI_Etc/TabMenu_Top_Demo_Bg.Png
  artifactKey: Guid(ecf3e525de7a347879c0787e5d7f091d) Importer(815301076,1909f56bfc062723c751e8b465ee728b)
Start importing Assets/Layer Lab/GUI-CasualFantasy/ResourcesData/Sprites/Components/UI_Etc/TabMenu_Top_Demo_Bg.Png using Guid(ecf3e525de7a347879c0787e5d7f091d) Importer(815301076,1909f56bfc062723c751e8b465ee728b) [PhysX] Initialized MultithreadedTaskDispatcher with 16 workers.
[PhysX] Initialized MultithreadedTaskDispatcher with 16 workers.
 -> (artifact id: 'd28a9a7f254a04ac3fcb4dd2a7edaec2') in 0.040491 seconds
Number of updated asset objects reloaded before import = 0
Number of asset objects unloaded after import = 3
========================================================================
Received Import Request.
  Time since last request: 0.000677 seconds.
  path: Assets/Layer Lab/GUI-CasualFantasy/ResourcesData/Sprites/Components/UI_Etc/Switch01_Demo_Button_Off.Png
  artifactKey: Guid(47691c1ab676e48f0b80876edb04cb89) Importer(815301076,1909f56bfc062723c751e8b465ee728b)
Start importing Assets/Layer Lab/GUI-CasualFantasy/ResourcesData/Sprites/Components/UI_Etc/Switch01_Demo_Button_Off.Png using Guid(47691c1ab676e48f0b80876edb04cb89) Importer(815301076,1909f56bfc062723c751e8b465ee728b) [PhysX] Initialized MultithreadedTaskDispatcher with 16 workers.
[PhysX] Initialized MultithreadedTaskDispatcher with 16 workers.
 -> (artifact id: 'f40911074e707ac4b82eb412f50257c6') in 0.032352 seconds
Number of updated asset objects reloaded before import = 0
Number of asset objects unloaded after import = 3
========================================================================
Received Import Request.
  Time since last request: 0.000076 seconds.
  path: Assets/Layer Lab/GUI-CasualFantasy/ResourcesData/Sprites/Components/Slider/Slider_Diagonal71_White_Fill.Png
  artifactKey: Guid(3db4b401b5f76431a97d29388b31779b) Importer(815301076,1909f56bfc062723c751e8b465ee728b)
Start importing Assets/Layer Lab/GUI-CasualFantasy/ResourcesData/Sprites/Components/Slider/Slider_Diagonal71_White_Fill.Png using Guid(3db4b401b5f76431a97d29388b31779b) Importer(815301076,1909f56bfc062723c751e8b465ee728b) [PhysX] Initialized MultithreadedTaskDispatcher with 16 workers.
[PhysX] Initialized MultithreadedTaskDispatcher with 16 workers.
 -> (artifact id: 'ae3946f781165b54f7270da4367153aa') in 0.027851 seconds
Number of updated asset objects reloaded before import = 0
Number of asset objects unloaded after import = 3
========================================================================
Received Import Request.
  Time since last request: 0.000052 seconds.
  path: Assets/Layer Lab/GUI-CasualFantasy/ResourcesData/Sprites/Components/Slider/Slider_Diagonal71_Demo_Fill.Png
  artifactKey: Guid(49a2c862d66514e3b80adb97b471f906) Importer(815301076,1909f56bfc062723c751e8b465ee728b)
Start importing Assets/Layer Lab/GUI-CasualFantasy/ResourcesData/Sprites/Components/Slider/Slider_Diagonal71_Demo_Fill.Png using Guid(49a2c862d66514e3b80adb97b471f906) Importer(815301076,1909f56bfc062723c751e8b465ee728b) [PhysX] Initialized MultithreadedTaskDispatcher with 16 workers.
[PhysX] Initialized MultithreadedTaskDispatcher with 16 workers.
 -> (artifact id: '0add37d330770033f11f6e999a968515') in 0.019928 seconds
Number of updated asset objects reloaded before import = 0
Number of asset objects unloaded after import = 3
========================================================================
Received Import Request.
  Time since last request: 0.000022 seconds.
  path: Assets/Layer Lab/GUI-CasualFantasy/ResourcesData/Sprites/Components/Slider/Slider_Diagonal48_Demo_Icon.png
  artifactKey: Guid(bcf74379c0ee9429880f82d1bc7e57c5) Importer(815301076,1909f56bfc062723c751e8b465ee728b)
Start importing Assets/Layer Lab/GUI-CasualFantasy/ResourcesData/Sprites/Components/Slider/Slider_Diagonal48_Demo_Icon.png using Guid(bcf74379c0ee9429880f82d1bc7e57c5) Importer(815301076,1909f56bfc062723c751e8b465ee728b) [PhysX] Initialized MultithreadedTaskDispatcher with 16 workers.
[PhysX] Initialized MultithreadedTaskDispatcher with 16 workers.
 -> (artifact id: 'd68dfff9bc57327bc40584b11dcbcecc') in 0.020551 seconds
Number of updated asset objects reloaded before import = 0
Number of asset objects unloaded after import = 3
========================================================================
Received Import Request.
  Time since last request: 0.000024 seconds.
  path: Assets/Layer Lab/GUI-CasualFantasy/ResourcesData/Sprites/Components/Slider/Slider_Basic01_Fill_Orange.Png
  artifactKey: Guid(151a8cae9925a485abb1f2e6540f393d) Importer(815301076,1909f56bfc062723c751e8b465ee728b)
Start importing Assets/Layer Lab/GUI-CasualFantasy/ResourcesData/Sprites/Components/Slider/Slider_Basic01_Fill_Orange.Png using Guid(151a8cae9925a485abb1f2e6540f393d) Importer(815301076,1909f56bfc062723c751e8b465ee728b) [PhysX] Initialized MultithreadedTaskDispatcher with 16 workers.
[PhysX] Initialized MultithreadedTaskDispatcher with 16 workers.
 -> (artifact id: 'b8e63f5193c412e96e19eafe47e5a32e') in 0.021647 seconds
Number of updated asset objects reloaded before import = 0
Number of asset objects unloaded after import = 3
========================================================================
Received Import Request.
  Time since last request: 0.005796 seconds.
  path: Assets/Others/flappy-bird-assets/sprites/redbird-midflap.png
  artifactKey: Guid(084f67d9d3c9d8b48917426acddb7efc) Importer(815301076,1909f56bfc062723c751e8b465ee728b)
Start importing Assets/Others/flappy-bird-assets/sprites/redbird-midflap.png using Guid(084f67d9d3c9d8b48917426acddb7efc) Importer(815301076,1909f56bfc062723c751e8b465ee728b) [PhysX] Initialized MultithreadedTaskDispatcher with 16 workers.
[PhysX] Initialized MultithreadedTaskDispatcher with 16 workers.
 -> (artifact id: '84ebd760d8649e125f8a006e00bb211b') in 0.020948 seconds
Number of updated asset objects reloaded before import = 0
Number of asset objects unloaded after import = 3
========================================================================
Received Import Request.
  Time since last request: 0.000023 seconds.
  path: Assets/Others/flappy-bird-assets/sprites/redbird-upflap.png
  artifactKey: Guid(5e00864c8d3fe8d43b6882b2b70173e7) Importer(815301076,1909f56bfc062723c751e8b465ee728b)
Start importing Assets/Others/flappy-bird-assets/sprites/redbird-upflap.png using Guid(5e00864c8d3fe8d43b6882b2b70173e7) Importer(815301076,1909f56bfc062723c751e8b465ee728b) [PhysX] Initialized MultithreadedTaskDispatcher with 16 workers.
[PhysX] Initialized MultithreadedTaskDispatcher with 16 workers.
 -> (artifact id: '4613690a4f9ca18fe5ce661395fd133a') in 0.017036 seconds
Number of updated asset objects reloaded before import = 0
Number of asset objects unloaded after import = 3
========================================================================
Received Import Request.
  Time since last request: 0.249833 seconds.
  path: Assets/Layer Lab/GUI-CasualFantasy/ResourcesData/Sprites/Components/Label/Label_Trapezoidal01_White.png
  artifactKey: Guid(7a54888c68236478aa849947697fb716) Importer(815301076,1909f56bfc062723c751e8b465ee728b)
Start importing Assets/Layer Lab/GUI-CasualFantasy/ResourcesData/Sprites/Components/Label/Label_Trapezoidal01_White.png using Guid(7a54888c68236478aa849947697fb716) Importer(815301076,1909f56bfc062723c751e8b465ee728b) [PhysX] Initialized MultithreadedTaskDispatcher with 16 workers.
[PhysX] Initialized MultithreadedTaskDispatcher with 16 workers.
 -> (artifact id: 'f8e4d645a46a671c66f757d23d1e2ade') in 0.032873 seconds
Number of updated asset objects reloaded before import = 0
Number of asset objects unloaded after import = 3
========================================================================
Received Import Request.
  Time since last request: 0.000028 seconds.
  path: Assets/Layer Lab/GUI-CasualFantasy/ResourcesData/Sprites/Components/Frame/ListFrame01_n.png
  artifactKey: Guid(ccade1513cc914a939ebade0369e35bd) Importer(815301076,1909f56bfc062723c751e8b465ee728b)
Start importing Assets/Layer Lab/GUI-CasualFantasy/ResourcesData/Sprites/Components/Frame/ListFrame01_n.png using Guid(ccade1513cc914a939ebade0369e35bd) Importer(815301076,1909f56bfc062723c751e8b465ee728b) [PhysX] Initialized MultithreadedTaskDispatcher with 16 workers.
[PhysX] Initialized MultithreadedTaskDispatcher with 16 workers.
 -> (artifact id: '37f6d08c4d35fc69bd47a79e18c317ef') in 0.022822 seconds
Number of updated asset objects reloaded before import = 0
Number of asset objects unloaded after import = 3
========================================================================
Received Import Request.
  Time since last request: 0.000020 seconds.
  path: Assets/Layer Lab/GUI-CasualFantasy/ResourcesData/Sprites/Components/Label/Label_SpeechBubble01_White1.Png
  artifactKey: Guid(64378cd1a52e54ac597c9fa54dde1379) Importer(815301076,1909f56bfc062723c751e8b465ee728b)
Start importing Assets/Layer Lab/GUI-CasualFantasy/ResourcesData/Sprites/Components/Label/Label_SpeechBubble01_White1.Png using Guid(64378cd1a52e54ac597c9fa54dde1379) Importer(815301076,1909f56bfc062723c751e8b465ee728b) [PhysX] Initialized MultithreadedTaskDispatcher with 16 workers.
[PhysX] Initialized MultithreadedTaskDispatcher with 16 workers.
 -> (artifact id: '83477d09cd15f233f2a54861a2dadfe7') in 0.024860 seconds
Number of updated asset objects reloaded before import = 0
Number of asset objects unloaded after import = 3
========================================================================
Received Import Request.
  Time since last request: 0.000035 seconds.
  path: Assets/Layer Lab/GUI-CasualFantasy/ResourcesData/Sprites/Components/Label/Label_SpeechBubble01_White2.png
  artifactKey: Guid(abda0a67a3f6b48e881b2a00e2d57154) Importer(815301076,1909f56bfc062723c751e8b465ee728b)
Start importing Assets/Layer Lab/GUI-CasualFantasy/ResourcesData/Sprites/Components/Label/Label_SpeechBubble01_White2.png using Guid(abda0a67a3f6b48e881b2a00e2d57154) Importer(815301076,1909f56bfc062723c751e8b465ee728b) [PhysX] Initialized MultithreadedTaskDispatcher with 16 workers.
[PhysX] Initialized MultithreadedTaskDispatcher with 16 workers.
 -> (artifact id: '00123a8e740b374dc7e47a4b9126a51a') in 0.026635 seconds
Number of updated asset objects reloaded before import = 0
Number of asset objects unloaded after import = 3
========================================================================
Received Import Request.
  Time since last request: 0.197189 seconds.
  path: Assets/Layer Lab/GUI-CasualFantasy/ResourcesData/Sprites/Components/Label/Label_Ribbon01_Pink_Deco.png
  artifactKey: Guid(013b8731f6c2e4e1eaf0f70b524777d5) Importer(815301076,1909f56bfc062723c751e8b465ee728b)
Start importing Assets/Layer Lab/GUI-CasualFantasy/ResourcesData/Sprites/Components/Label/Label_Ribbon01_Pink_Deco.png using Guid(013b8731f6c2e4e1eaf0f70b524777d5) Importer(815301076,1909f56bfc062723c751e8b465ee728b) [PhysX] Initialized MultithreadedTaskDispatcher with 16 workers.
[PhysX] Initialized MultithreadedTaskDispatcher with 16 workers.
 -> (artifact id: '0080ce2d75670eaf20bb1414f530aa0a') in 0.034884 seconds
Number of updated asset objects reloaded before import = 0
Number of asset objects unloaded after import = 3
========================================================================
Received Import Request.
  Time since last request: 0.000033 seconds.
  path: Assets/Layer Lab/GUI-CasualFantasy/ResourcesData/Sprites/Components/Label/Label_Ribbon01_Green_Deco.png
  artifactKey: Guid(dfbd8b4ec69aa477bb5fdf55bdc27c93) Importer(815301076,1909f56bfc062723c751e8b465ee728b)
Start importing Assets/Layer Lab/GUI-CasualFantasy/ResourcesData/Sprites/Components/Label/Label_Ribbon01_Green_Deco.png using Guid(dfbd8b4ec69aa477bb5fdf55bdc27c93) Importer(815301076,1909f56bfc062723c751e8b465ee728b) [PhysX] Initialized MultithreadedTaskDispatcher with 16 workers.
[PhysX] Initialized MultithreadedTaskDispatcher with 16 workers.
 -> (artifact id: '1e70cc6ab3a5f9f77c4bf95b7ac5a64b') in 0.024517 seconds
Number of updated asset objects reloaded before import = 0
Number of asset objects unloaded after import = 3
========================================================================
Received Import Request.
  Time since last request: 0.014866 seconds.
  path: Assets/Layer Lab/GUI-CasualFantasy/ResourcesData/Sprites/Components/Icon_ItemIcons/Original/Itemicon_Weapon_Axe.Png
  artifactKey: Guid(5656739f18f63458dbe79fbfb7492b19) Importer(815301076,1909f56bfc062723c751e8b465ee728b)
Start importing Assets/Layer Lab/GUI-CasualFantasy/ResourcesData/Sprites/Components/Icon_ItemIcons/Original/Itemicon_Weapon_Axe.Png using Guid(5656739f18f63458dbe79fbfb7492b19) Importer(815301076,1909f56bfc062723c751e8b465ee728b) [PhysX] Initialized MultithreadedTaskDispatcher with 16 workers.
[PhysX] Initialized MultithreadedTaskDispatcher with 16 workers.
 -> (artifact id: '8c4d2a068374b3587a8613488759ff45') in 0.025110 seconds
Number of updated asset objects reloaded before import = 0
Number of asset objects unloaded after import = 3
========================================================================
Received Import Request.
  Time since last request: 0.000023 seconds.
  path: Assets/Layer Lab/GUI-CasualFantasy/ResourcesData/Sprites/Components/Icon_ItemIcons/Original/Itemicon_Weapon_Bow.Png
  artifactKey: Guid(dc5c22446064f4b4f8547b12cc235f19) Importer(815301076,1909f56bfc062723c751e8b465ee728b)
Start importing Assets/Layer Lab/GUI-CasualFantasy/ResourcesData/Sprites/Components/Icon_ItemIcons/Original/Itemicon_Weapon_Bow.Png using Guid(dc5c22446064f4b4f8547b12cc235f19) Importer(815301076,1909f56bfc062723c751e8b465ee728b) [PhysX] Initialized MultithreadedTaskDispatcher with 16 workers.
[PhysX] Initialized MultithreadedTaskDispatcher with 16 workers.
 -> (artifact id: '1aa5abb49121132c36db4ca6ff79c23c') in 0.025407 seconds
Number of updated asset objects reloaded before import = 0
Number of asset objects unloaded after import = 3
========================================================================
Received Import Request.
  Time since last request: 0.000022 seconds.
  path: Assets/Layer Lab/GUI-CasualFantasy/ResourcesData/Sprites/Components/Icon_ItemIcons/256/ItemIcon_Key.Png
  artifactKey: Guid(1dec020b7e5304e929fb3635a2b9977b) Importer(815301076,1909f56bfc062723c751e8b465ee728b)
Start importing Assets/Layer Lab/GUI-CasualFantasy/ResourcesData/Sprites/Components/Icon_ItemIcons/256/ItemIcon_Key.Png using Guid(1dec020b7e5304e929fb3635a2b9977b) Importer(815301076,1909f56bfc062723c751e8b465ee728b) [PhysX] Initialized MultithreadedTaskDispatcher with 16 workers.
[PhysX] Initialized MultithreadedTaskDispatcher with 16 workers.
 -> (artifact id: '48220e9334888ee1aa6100342e589d86') in 0.021761 seconds
Number of updated asset objects reloaded before import = 0
Number of asset objects unloaded after import = 3
========================================================================
Received Import Request.
  Time since last request: 0.000047 seconds.
  path: Assets/Layer Lab/GUI-CasualFantasy/ResourcesData/Sprites/Components/Icon_ItemIcons/256/ItemIcon_Badge_Crown.Png
  artifactKey: Guid(a92457a10a7564cb7952913a3c7de7ed) Importer(815301076,1909f56bfc062723c751e8b465ee728b)
Start importing Assets/Layer Lab/GUI-CasualFantasy/ResourcesData/Sprites/Components/Icon_ItemIcons/256/ItemIcon_Badge_Crown.Png using Guid(a92457a10a7564cb7952913a3c7de7ed) Importer(815301076,1909f56bfc062723c751e8b465ee728b) [PhysX] Initialized MultithreadedTaskDispatcher with 16 workers.
[PhysX] Initialized MultithreadedTaskDispatcher with 16 workers.
 -> (artifact id: '93053f1f0b39dbbade9bcd5e823b5d9d') in 0.025656 seconds
Number of updated asset objects reloaded before import = 0
Number of asset objects unloaded after import = 3
========================================================================
Received Import Request.
  Time since last request: 0.000015 seconds.
  path: Assets/Layer Lab/GUI-CasualFantasy/ResourcesData/Sprites/Components/IconMisc/Icon_Checkboard.Png
  artifactKey: Guid(b550f9f01c172415c9010c4ddbf69e2e) Importer(815301076,1909f56bfc062723c751e8b465ee728b)
Start importing Assets/Layer Lab/GUI-CasualFantasy/ResourcesData/Sprites/Components/IconMisc/Icon_Checkboard.Png using Guid(b550f9f01c172415c9010c4ddbf69e2e) Importer(815301076,1909f56bfc062723c751e8b465ee728b) [PhysX] Initialized MultithreadedTaskDispatcher with 16 workers.
[PhysX] Initialized MultithreadedTaskDispatcher with 16 workers.
 -> (artifact id: '68675e47527bc76d132b7eae432d1cd5') in 0.020604 seconds
Number of updated asset objects reloaded before import = 0
Number of asset objects unloaded after import = 3
========================================================================
Received Import Request.
  Time since last request: 0.000018 seconds.
  path: Assets/Layer Lab/GUI-CasualFantasy/ResourcesData/Sprites/Components/Icon_Flag/Icon_Flag_Chn.Png
  artifactKey: Guid(6ac21c26373c745cfa90111df5b1ebc5) Importer(815301076,1909f56bfc062723c751e8b465ee728b)
Start importing Assets/Layer Lab/GUI-CasualFantasy/ResourcesData/Sprites/Components/Icon_Flag/Icon_Flag_Chn.Png using Guid(6ac21c26373c745cfa90111df5b1ebc5) Importer(815301076,1909f56bfc062723c751e8b465ee728b) [PhysX] Initialized MultithreadedTaskDispatcher with 16 workers.
[PhysX] Initialized MultithreadedTaskDispatcher with 16 workers.
 -> (artifact id: '6c6ef28791d6abdff8adebf4f685d76c') in 0.021807 seconds
Number of updated asset objects reloaded before import = 0
Number of asset objects unloaded after import = 3
========================================================================
Received Import Request.
  Time since last request: 0.000032 seconds.
  path: Assets/Layer Lab/GUI-CasualFantasy/ResourcesData/Sprites/Components/Icon_ItemIcons/512/ItemIcon_Badge_Crown.png
  artifactKey: Guid(7092435fdd0f744d491f7c6f1ed23055) Importer(815301076,1909f56bfc062723c751e8b465ee728b)
Start importing Assets/Layer Lab/GUI-CasualFantasy/ResourcesData/Sprites/Components/Icon_ItemIcons/512/ItemIcon_Badge_Crown.png using Guid(7092435fdd0f744d491f7c6f1ed23055) Importer(815301076,1909f56bfc062723c751e8b465ee728b) [PhysX] Initialized MultithreadedTaskDispatcher with 16 workers.
[PhysX] Initialized MultithreadedTaskDispatcher with 16 workers.
 -> (artifact id: 'b895fe4668e7fc186fc6d25fc2b4cdd0') in 0.020048 seconds
Number of updated asset objects reloaded before import = 0
Number of asset objects unloaded after import = 3
Editor requested this worker to shutdown with reason: Scaling down because of idle timeout
TcpMessagingSession - receive error: operation aborted. errorcode: 995, details: Bir iþ parçacýðý çýkýþý veya bir uygulama isteði nedeniyle G/Ç iþlemi iptal edildi.
AssetImportWorker is now disconnected from the server
Process exiting
Exiting without the bug reporter. Application will terminate with return code 0